2023-01-08 13:44:09.699  INFO 22043 --- [restartedMain] b.c.i.o.OxefoodMarcilioApplication       : Starting OxefoodMarcilioApplication using Java 11.0.16 on ustore-ideapad with PID 22043 (/home/ustore/git/oxefood-marcilio/target/classes started by ustore in /home/ustore/git/oxefood-marcilio)
2023-01-08 13:44:09.708  INFO 22043 --- [restartedMain] b.c.i.o.OxefoodMarcilioApplication       : No active profile set, falling back to 1 default profile: "default"
2023-01-08 13:44:09.757  INFO 22043 --- [restartedMain] .e.DevToolsPropertyDefaultsPostProcessor : Devtools property defaults active! Set 'spring.devtools.add-properties' to 'false' to disable
2023-01-08 13:44:09.758  INFO 22043 --- [restartedMain] .e.DevToolsPropertyDefaultsPostProcessor : For additional web related logging consider setting the 'logging.level.web' property to 'DEBUG'
2023-01-08 13:44:10.651  INFO 22043 --- [restartedMain] .s.d.r.c.RepositoryConfigurationDelegate : Bootstrapping Spring Data JPA repositories in DEFAULT mode.
2023-01-08 13:44:10.719  INFO 22043 --- [restartedMain] .s.d.r.c.RepositoryConfigurationDelegate : Finished Spring Data repository scanning in 60 ms. Found 7 JPA repository interfaces.
2023-01-08 13:44:11.520  INFO 22043 --- [restartedMain] o.s.b.w.embedded.tomcat.TomcatWebServer  : Tomcat initialized with port(s): 8080 (http)
2023-01-08 13:44:11.529  INFO 22043 --- [restartedMain] o.apache.catalina.core.StandardService   : Starting service [Tomcat]
2023-01-08 13:44:11.530  INFO 22043 --- [restartedMain] org.apache.catalina.core.StandardEngine  : Starting Servlet engine: [Apache Tomcat/9.0.65]
2023-01-08 13:44:11.593  INFO 22043 --- [restartedMain] o.a.c.c.C.[Tomcat].[localhost].[/]       : Initializing Spring embedded WebApplicationContext
2023-01-08 13:44:11.593  INFO 22043 --- [restartedMain] w.s.c.ServletWebServerApplicationContext : Root WebApplicationContext: initialization completed in 1834 ms
2023-01-08 13:44:11.646  INFO 22043 --- [restartedMain] com.zaxxer.hikari.HikariDataSource       : HikariPool-1 - Starting...
2023-01-08 13:44:11.821  INFO 22043 --- [restartedMain] com.zaxxer.hikari.HikariDataSource       : HikariPool-1 - Start completed.
2023-01-08 13:44:11.833  INFO 22043 --- [restartedMain] o.s.b.a.h2.H2ConsoleAutoConfiguration    : H2 console available at '/h2-console'. Database available at 'jdbc:postgresql://172.24.0.2:5432/oxefood'
2023-01-08 13:44:12.026  INFO 22043 --- [restartedMain] o.hibernate.jpa.internal.util.LogHelper  : HHH000204: Processing PersistenceUnitInfo [name: default]
2023-01-08 13:44:12.076  INFO 22043 --- [restartedMain] org.hibernate.Version                    : HHH000412: Hibernate ORM core version 5.6.11.Final
2023-01-08 13:44:12.216  INFO 22043 --- [restartedMain] o.hibernate.annotations.common.Version   : HCANN000001: Hibernate Commons Annotations {5.1.2.Final}
2023-01-08 13:44:12.304  INFO 22043 --- [restartedMain] org.hibernate.dialect.Dialect            : HHH000400: Using dialect: org.hibernate.dialect.PostgreSQLDialect
2023-01-08 13:44:13.223  INFO 22043 --- [restartedMain] o.h.e.t.j.p.i.JtaPlatformInitiator       : HHH000490: Using JtaPlatform implementation: [org.hibernate.engine.transaction.jta.platform.internal.NoJtaPlatform]
2023-01-08 13:44:13.229  INFO 22043 --- [restartedMain] j.LocalContainerEntityManagerFactoryBean : Initialized JPA EntityManagerFactory for persistence unit 'default'
2023-01-08 13:44:14.917 DEBUG 22043 --- [restartedMain] edFilterInvocationSecurityMetadataSource : Adding web access control expression [permitAll] for Ant [pattern='/swagger-resources/**']
2023-01-08 13:44:14.929 DEBUG 22043 --- [restartedMain] edFilterInvocationSecurityMetadataSource : Adding web access control expression [permitAll] for Ant [pattern='/swagger-ui.html']
2023-01-08 13:44:14.930 DEBUG 22043 --- [restartedMain] edFilterInvocationSecurityMetadataSource : Adding web access control expression [permitAll] for Ant [pattern='/swagger*/**']
2023-01-08 13:44:14.930 DEBUG 22043 --- [restartedMain] edFilterInvocationSecurityMetadataSource : Adding web access control expression [permitAll] for Ant [pattern='/v2/api-docs']
2023-01-08 13:44:14.931 DEBUG 22043 --- [restartedMain] edFilterInvocationSecurityMetadataSource : Adding web access control expression [permitAll] for Ant [pattern='/webjars/**']
2023-01-08 13:44:14.931 DEBUG 22043 --- [restartedMain] edFilterInvocationSecurityMetadataSource : Adding web access control expression [permitAll] for Ant [pattern='/routes/**']
2023-01-08 13:44:14.932 DEBUG 22043 --- [restartedMain] edFilterInvocationSecurityMetadataSource : Adding web access control expression [permitAll] for Ant [pattern='/favicon.ico']
2023-01-08 13:44:14.932 DEBUG 22043 --- [restartedMain] edFilterInvocationSecurityMetadataSource : Adding web access control expression [permitAll] for Ant [pattern='/ws/**']
2023-01-08 13:44:14.932 DEBUG 22043 --- [restartedMain] edFilterInvocationSecurityMetadataSource : Adding web access control expression [permitAll] for Ant [pattern='/delifacil/**/dadosPedidoNew/**']
2023-01-08 13:44:14.933 DEBUG 22043 --- [restartedMain] edFilterInvocationSecurityMetadataSource : Adding web access control expression [permitAll] for Ant [pattern='/delifacil/image/**']
2023-01-08 13:44:14.933 DEBUG 22043 --- [restartedMain] edFilterInvocationSecurityMetadataSource : Adding web access control expression [permitAll] for Ant [pattern='/api/login/signin', POST]
2023-01-08 13:44:14.933 DEBUG 22043 --- [restartedMain] edFilterInvocationSecurityMetadataSource : Adding web access control expression [permitAll] for Ant [pattern='/api/cliente', POST]
2023-01-08 13:44:14.933 DEBUG 22043 --- [restartedMain] edFilterInvocationSecurityMetadataSource : Adding web access control expression [permitAll] for Ant [pattern='/api/cliente/**', GET]
2023-01-08 13:44:14.934 DEBUG 22043 --- [restartedMain] edFilterInvocationSecurityMetadataSource : Adding web access control expression [permitAll] for Ant [pattern='/api/cliente/*', PUT]
2023-01-08 13:44:14.934 DEBUG 22043 --- [restartedMain] edFilterInvocationSecurityMetadataSource : Adding web access control expression [permitAll] for Ant [pattern='/api/cliente/*', DELETE]
2023-01-08 13:44:14.935 DEBUG 22043 --- [restartedMain] edFilterInvocationSecurityMetadataSource : Adding web access control expression [permitAll] for Ant [pattern='/api/empresa', POST]
2023-01-08 13:44:14.935 DEBUG 22043 --- [restartedMain] edFilterInvocationSecurityMetadataSource : Adding web access control expression [permitAll] for Ant [pattern='/api/empresa/*', DELETE]
2023-01-08 13:44:14.935 DEBUG 22043 --- [restartedMain] edFilterInvocationSecurityMetadataSource : Adding web access control expression [permitAll] for Ant [pattern='/api/empresa/**', GET]
2023-01-08 13:44:14.936 DEBUG 22043 --- [restartedMain] edFilterInvocationSecurityMetadataSource : Adding web access control expression [permitAll] for Ant [pattern='/api/enderecocliente/**', POST]
2023-01-08 13:44:14.936 DEBUG 22043 --- [restartedMain] edFilterInvocationSecurityMetadataSource : Adding web access control expression [permitAll] for Ant [pattern='/api/categoriaproduto', POST]
2023-01-08 13:44:14.936 DEBUG 22043 --- [restartedMain] edFilterInvocationSecurityMetadataSource : Adding web access control expression [permitAll] for Ant [pattern='/api/categoriaproduto/**', GET]
2023-01-08 13:44:14.936 DEBUG 22043 --- [restartedMain] edFilterInvocationSecurityMetadataSource : Adding web access control expression [permitAll] for Ant [pattern='/api/categoriaproduto/*', PUT]
2023-01-08 13:44:14.937 DEBUG 22043 --- [restartedMain] edFilterInvocationSecurityMetadataSource : Adding web access control expression [permitAll] for Ant [pattern='/api/categoriaproduto/*', DELETE]
2023-01-08 13:44:14.937 DEBUG 22043 --- [restartedMain] edFilterInvocationSecurityMetadataSource : Adding web access control expression [permitAll] for Ant [pattern='/api/cupomdesconto', POST]
2023-01-08 13:44:14.937 DEBUG 22043 --- [restartedMain] edFilterInvocationSecurityMetadataSource : Adding web access control expression [permitAll] for Ant [pattern='/api/cupomdesconto/**', GET]
2023-01-08 13:44:14.937 DEBUG 22043 --- [restartedMain] edFilterInvocationSecurityMetadataSource : Adding web access control expression [permitAll] for Ant [pattern='/api/cupomdesconto/*', PUT]
2023-01-08 13:44:14.937 DEBUG 22043 --- [restartedMain] edFilterInvocationSecurityMetadataSource : Adding web access control expression [permitAll] for Ant [pattern='/api/cupomdesconto/*', DELETE]
2023-01-08 13:44:14.937 DEBUG 22043 --- [restartedMain] edFilterInvocationSecurityMetadataSource : Adding web access control expression [permitAll] for Ant [pattern='/api/produto', POST]
2023-01-08 13:44:14.938 DEBUG 22043 --- [restartedMain] edFilterInvocationSecurityMetadataSource : Adding web access control expression [permitAll] for Ant [pattern='/api/produto', PUT]
2023-01-08 13:44:14.938 DEBUG 22043 --- [restartedMain] edFilterInvocationSecurityMetadataSource : Adding web access control expression [permitAll] for Ant [pattern='/api/produto', DELETE]
2023-01-08 13:44:14.938 DEBUG 22043 --- [restartedMain] edFilterInvocationSecurityMetadataSource : Adding web access control expression [permitAll] for Ant [pattern='/api/produto/**', GET]
2023-01-08 13:44:14.938 DEBUG 22043 --- [restartedMain] edFilterInvocationSecurityMetadataSource : Adding web access control expression [hasAnyAuthority('CLIENTE','EMPRESA_ADMIN','EMPRESA_USER')] for any request
2023-01-08 13:44:14.953  INFO 22043 --- [restartedMain] o.s.s.web.DefaultSecurityFilterChain     : Will secure any request with [org.springframework.security.web.session.DisableEncodeUrlFilter@42934e02, org.springframework.security.web.context.request.async.WebAsyncManagerIntegrationFilter@4437e045, org.springframework.security.web.context.SecurityContextPersistenceFilter@708d742a, org.springframework.security.web.header.HeaderWriterFilter@3e925877, org.springframework.web.filter.CorsFilter@296d06aa, org.springframework.security.web.authentication.logout.LogoutFilter@69bc8c38, br.com.ifpe.oxefoodmarcilio.security.jwt.JwtTokenAuthenticationFilter@5efd00f4, org.springframework.security.web.savedrequest.RequestCacheAwareFilter@715bf9cc, org.springframework.security.web.servletapi.SecurityContextHolderAwareRequestFilter@436a25ea, org.springframework.security.web.authentication.AnonymousAuthenticationFilter@6c6b677, org.springframework.security.web.session.SessionManagementFilter@4fcd7b99, org.springframework.security.web.access.ExceptionTranslationFilter@453d4988, org.springframework.security.web.access.intercept.FilterSecurityInterceptor@5366252b]
2023-01-08 13:44:15.057  INFO 22043 --- [restartedMain] o.s.b.d.a.OptionalLiveReloadServer       : LiveReload server is running on port 35729
2023-01-08 13:44:15.232  WARN 22043 --- [restartedMain] JpaBaseConfiguration$JpaWebConfiguration : spring.jpa.open-in-view is enabled by default. Therefore, database queries may be performed during view rendering. Explicitly configure spring.jpa.open-in-view to disable this warning
2023-01-08 13:44:15.738  INFO 22043 --- [restartedMain] o.s.b.w.embedded.tomcat.TomcatWebServer  : Tomcat started on port(s): 8080 (http) with context path ''
2023-01-08 13:44:16.112  INFO 22043 --- [restartedMain] b.c.i.o.OxefoodMarcilioApplication       : Started OxefoodMarcilioApplication in 6.871 seconds (JVM running for 7.386)
2023-01-08 13:44:47.276  INFO 22043 --- [http-nio-8080-exec-1] o.a.c.c.C.[Tomcat].[localhost].[/]       : Initializing Spring DispatcherServlet 'dispatcherServlet'
2023-01-08 13:44:47.277  INFO 22043 --- [http-nio-8080-exec-1] o.s.web.servlet.DispatcherServlet        : Initializing Servlet 'dispatcherServlet'
2023-01-08 13:44:47.283  INFO 22043 --- [http-nio-8080-exec-1] o.s.web.servlet.DispatcherServlet        : Completed initialization in 6 ms
2023-01-08 13:44:47.293 DEBUG 22043 --- [http-nio-8080-exec-1] o.s.security.web.FilterChainProxy        : Securing GET /api/categoriaproduto
2023-01-08 13:44:47.300 DEBUG 22043 --- [http-nio-8080-exec-1] s.s.w.c.SecurityContextPersistenceFilter : Set SecurityContextHolder to empty SecurityContext
2023-01-08 13:44:47.318 DEBUG 22043 --- [http-nio-8080-exec-1] o.s.s.w.a.AnonymousAuthenticationFilter  : Set SecurityContextHolder to anonymous SecurityContext
2023-01-08 13:44:47.327 DEBUG 22043 --- [http-nio-8080-exec-1] o.s.s.w.a.i.FilterSecurityInterceptor    : Authorized filter invocation [GET /api/categoriaproduto] with attributes [permitAll]
2023-01-08 13:44:47.328 DEBUG 22043 --- [http-nio-8080-exec-1] o.s.security.web.FilterChainProxy        : Secured GET /api/categoriaproduto
2023-01-08 13:44:47.334  WARN 22043 --- [http-nio-8080-exec-1] .w.s.m.s.DefaultHandlerExceptionResolver : Resolved [org.springframework.web.HttpRequestMethodNotSupportedException: Request method 'GET' not supported]
2023-01-08 13:44:47.336 DEBUG 22043 --- [http-nio-8080-exec-1] s.s.w.c.SecurityContextPersistenceFilter : Cleared SecurityContextHolder to complete request
2023-01-08 13:44:47.338 DEBUG 22043 --- [http-nio-8080-exec-1] o.s.security.web.FilterChainProxy        : Securing GET /error
2023-01-08 13:44:47.339 DEBUG 22043 --- [http-nio-8080-exec-1] s.s.w.c.SecurityContextPersistenceFilter : Set SecurityContextHolder to empty SecurityContext
2023-01-08 13:44:47.339 DEBUG 22043 --- [http-nio-8080-exec-1] o.s.s.w.a.AnonymousAuthenticationFilter  : Set SecurityContextHolder to anonymous SecurityContext
2023-01-08 13:44:47.339 DEBUG 22043 --- [http-nio-8080-exec-1] o.s.security.web.FilterChainProxy        : Secured GET /error
2023-01-08 13:44:47.396 DEBUG 22043 --- [http-nio-8080-exec-1] s.s.w.c.SecurityContextPersistenceFilter : Cleared SecurityContextHolder to complete request
2023-01-08 13:45:25.551  INFO 22043 --- [File Watcher] rtingClassPathChangeChangedEventListener : Restarting due to 3 class path changes (0 additions, 0 deletions, 3 modifications)
2023-01-08 13:45:25.560  INFO 22043 --- [Thread-4] o.apache.catalina.core.StandardService   : Stopping service [Tomcat]
2023-01-08 13:45:25.563  INFO 22043 --- [Thread-4] o.a.c.c.C.[Tomcat].[localhost].[/]       : Destroying Spring FrameworkServlet 'dispatcherServlet'
2023-01-08 13:45:25.583  INFO 22043 --- [Thread-4] j.LocalContainerEntityManagerFactoryBean : Closing JPA EntityManagerFactory for persistence unit 'default'
2023-01-08 13:45:25.588  INFO 22043 --- [Thread-4] com.zaxxer.hikari.HikariDataSource       : HikariPool-1 - Shutdown initiated...
2023-01-08 13:45:25.598  INFO 22043 --- [Thread-4] com.zaxxer.hikari.HikariDataSource       : HikariPool-1 - Shutdown completed.
2023-01-08 13:45:25.740  INFO 22043 --- [restartedMain] b.c.i.o.OxefoodMarcilioApplication       : Starting OxefoodMarcilioApplication using Java 11.0.16 on ustore-ideapad with PID 22043 (/home/ustore/git/oxefood-marcilio/target/classes started by ustore in /home/ustore/git/oxefood-marcilio)
2023-01-08 13:45:25.740  INFO 22043 --- [restartedMain] b.c.i.o.OxefoodMarcilioApplication       : No active profile set, falling back to 1 default profile: "default"
2023-01-08 13:45:26.073  INFO 22043 --- [restartedMain] .s.d.r.c.RepositoryConfigurationDelegate : Bootstrapping Spring Data JPA repositories in DEFAULT mode.
2023-01-08 13:45:26.099  INFO 22043 --- [restartedMain] .s.d.r.c.RepositoryConfigurationDelegate : Finished Spring Data repository scanning in 26 ms. Found 7 JPA repository interfaces.
2023-01-08 13:45:26.282  INFO 22043 --- [restartedMain] o.s.b.w.embedded.tomcat.TomcatWebServer  : Tomcat initialized with port(s): 8080 (http)
2023-01-08 13:45:26.283  INFO 22043 --- [restartedMain] o.apache.catalina.core.StandardService   : Starting service [Tomcat]
2023-01-08 13:45:26.283  INFO 22043 --- [restartedMain] org.apache.catalina.core.StandardEngine  : Starting Servlet engine: [Apache Tomcat/9.0.65]
2023-01-08 13:45:26.295  INFO 22043 --- [restartedMain] o.a.c.c.C.[Tomcat].[localhost].[/]       : Initializing Spring embedded WebApplicationContext
2023-01-08 13:45:26.295  INFO 22043 --- [restartedMain] w.s.c.ServletWebServerApplicationContext : Root WebApplicationContext: initialization completed in 552 ms
2023-01-08 13:45:26.318  INFO 22043 --- [restartedMain] com.zaxxer.hikari.HikariDataSource       : HikariPool-2 - Starting...
2023-01-08 13:45:26.342  INFO 22043 --- [restartedMain] com.zaxxer.hikari.HikariDataSource       : HikariPool-2 - Start completed.
2023-01-08 13:45:26.342  INFO 22043 --- [restartedMain] o.s.b.a.h2.H2ConsoleAutoConfiguration    : H2 console available at '/h2-console'. Database available at 'jdbc:postgresql://172.24.0.2:5432/oxefood'
2023-01-08 13:45:26.386  INFO 22043 --- [restartedMain] o.hibernate.jpa.internal.util.LogHelper  : HHH000204: Processing PersistenceUnitInfo [name: default]
2023-01-08 13:45:26.392  INFO 22043 --- [restartedMain] org.hibernate.dialect.Dialect            : HHH000400: Using dialect: org.hibernate.dialect.PostgreSQLDialect
2023-01-08 13:45:26.673  INFO 22043 --- [restartedMain] o.h.e.t.j.p.i.JtaPlatformInitiator       : HHH000490: Using JtaPlatform implementation: [org.hibernate.engine.transaction.jta.platform.internal.NoJtaPlatform]
2023-01-08 13:45:26.673  INFO 22043 --- [restartedMain] j.LocalContainerEntityManagerFactoryBean : Initialized JPA EntityManagerFactory for persistence unit 'default'
2023-01-08 13:45:27.508 DEBUG 22043 --- [restartedMain] edFilterInvocationSecurityMetadataSource : Adding web access control expression [permitAll] for Ant [pattern='/swagger-resources/**']
2023-01-08 13:45:27.508 DEBUG 22043 --- [restartedMain] edFilterInvocationSecurityMetadataSource : Adding web access control expression [permitAll] for Ant [pattern='/swagger-ui.html']
2023-01-08 13:45:27.508 DEBUG 22043 --- [restartedMain] edFilterInvocationSecurityMetadataSource : Adding web access control expression [permitAll] for Ant [pattern='/swagger*/**']
2023-01-08 13:45:27.508 DEBUG 22043 --- [restartedMain] edFilterInvocationSecurityMetadataSource : Adding web access control expression [permitAll] for Ant [pattern='/v2/api-docs']
2023-01-08 13:45:27.508 DEBUG 22043 --- [restartedMain] edFilterInvocationSecurityMetadataSource : Adding web access control expression [permitAll] for Ant [pattern='/webjars/**']
2023-01-08 13:45:27.509 DEBUG 22043 --- [restartedMain] edFilterInvocationSecurityMetadataSource : Adding web access control expression [permitAll] for Ant [pattern='/routes/**']
2023-01-08 13:45:27.509 DEBUG 22043 --- [restartedMain] edFilterInvocationSecurityMetadataSource : Adding web access control expression [permitAll] for Ant [pattern='/favicon.ico']
2023-01-08 13:45:27.509 DEBUG 22043 --- [restartedMain] edFilterInvocationSecurityMetadataSource : Adding web access control expression [permitAll] for Ant [pattern='/ws/**']
2023-01-08 13:45:27.509 DEBUG 22043 --- [restartedMain] edFilterInvocationSecurityMetadataSource : Adding web access control expression [permitAll] for Ant [pattern='/delifacil/**/dadosPedidoNew/**']
2023-01-08 13:45:27.509 DEBUG 22043 --- [restartedMain] edFilterInvocationSecurityMetadataSource : Adding web access control expression [permitAll] for Ant [pattern='/delifacil/image/**']
2023-01-08 13:45:27.509 DEBUG 22043 --- [restartedMain] edFilterInvocationSecurityMetadataSource : Adding web access control expression [permitAll] for Ant [pattern='/api/login/signin', POST]
2023-01-08 13:45:27.509 DEBUG 22043 --- [restartedMain] edFilterInvocationSecurityMetadataSource : Adding web access control expression [permitAll] for Ant [pattern='/api/cliente', POST]
2023-01-08 13:45:27.510 DEBUG 22043 --- [restartedMain] edFilterInvocationSecurityMetadataSource : Adding web access control expression [permitAll] for Ant [pattern='/api/cliente/**', GET]
2023-01-08 13:45:27.510 DEBUG 22043 --- [restartedMain] edFilterInvocationSecurityMetadataSource : Adding web access control expression [permitAll] for Ant [pattern='/api/cliente/*', PUT]
2023-01-08 13:45:27.510 DEBUG 22043 --- [restartedMain] edFilterInvocationSecurityMetadataSource : Adding web access control expression [permitAll] for Ant [pattern='/api/cliente/*', DELETE]
2023-01-08 13:45:27.510 DEBUG 22043 --- [restartedMain] edFilterInvocationSecurityMetadataSource : Adding web access control expression [permitAll] for Ant [pattern='/api/empresa', POST]
2023-01-08 13:45:27.510 DEBUG 22043 --- [restartedMain] edFilterInvocationSecurityMetadataSource : Adding web access control expression [permitAll] for Ant [pattern='/api/empresa/*', DELETE]
2023-01-08 13:45:27.510 DEBUG 22043 --- [restartedMain] edFilterInvocationSecurityMetadataSource : Adding web access control expression [permitAll] for Ant [pattern='/api/empresa/**', GET]
2023-01-08 13:45:27.510 DEBUG 22043 --- [restartedMain] edFilterInvocationSecurityMetadataSource : Adding web access control expression [permitAll] for Ant [pattern='/api/enderecocliente/**', POST]
2023-01-08 13:45:27.511 DEBUG 22043 --- [restartedMain] edFilterInvocationSecurityMetadataSource : Adding web access control expression [permitAll] for Ant [pattern='/api/categoriaproduto', POST]
2023-01-08 13:45:27.511 DEBUG 22043 --- [restartedMain] edFilterInvocationSecurityMetadataSource : Adding web access control expression [permitAll] for Ant [pattern='/api/categoriaproduto', GET]
2023-01-08 13:45:27.511 DEBUG 22043 --- [restartedMain] edFilterInvocationSecurityMetadataSource : Adding web access control expression [permitAll] for Ant [pattern='/api/categoriaproduto/**', GET]
2023-01-08 13:45:27.511 DEBUG 22043 --- [restartedMain] edFilterInvocationSecurityMetadataSource : Adding web access control expression [permitAll] for Ant [pattern='/api/categoriaproduto/*', PUT]
2023-01-08 13:45:27.511 DEBUG 22043 --- [restartedMain] edFilterInvocationSecurityMetadataSource : Adding web access control expression [permitAll] for Ant [pattern='/api/categoriaproduto/*', DELETE]
2023-01-08 13:45:27.511 DEBUG 22043 --- [restartedMain] edFilterInvocationSecurityMetadataSource : Adding web access control expression [permitAll] for Ant [pattern='/api/cupomdesconto', POST]
2023-01-08 13:45:27.511 DEBUG 22043 --- [restartedMain] edFilterInvocationSecurityMetadataSource : Adding web access control expression [permitAll] for Ant [pattern='/api/cupomdesconto/**', GET]
2023-01-08 13:45:27.511 DEBUG 22043 --- [restartedMain] edFilterInvocationSecurityMetadataSource : Adding web access control expression [permitAll] for Ant [pattern='/api/cupomdesconto/*', PUT]
2023-01-08 13:45:27.512 DEBUG 22043 --- [restartedMain] edFilterInvocationSecurityMetadataSource : Adding web access control expression [permitAll] for Ant [pattern='/api/cupomdesconto/*', DELETE]
2023-01-08 13:45:27.512 DEBUG 22043 --- [restartedMain] edFilterInvocationSecurityMetadataSource : Adding web access control expression [permitAll] for Ant [pattern='/api/produto', POST]
2023-01-08 13:45:27.512 DEBUG 22043 --- [restartedMain] edFilterInvocationSecurityMetadataSource : Adding web access control expression [permitAll] for Ant [pattern='/api/produto', PUT]
2023-01-08 13:45:27.512 DEBUG 22043 --- [restartedMain] edFilterInvocationSecurityMetadataSource : Adding web access control expression [permitAll] for Ant [pattern='/api/produto', DELETE]
2023-01-08 13:45:27.512 DEBUG 22043 --- [restartedMain] edFilterInvocationSecurityMetadataSource : Adding web access control expression [permitAll] for Ant [pattern='/api/produto/**', GET]
2023-01-08 13:45:27.512 DEBUG 22043 --- [restartedMain] edFilterInvocationSecurityMetadataSource : Adding web access control expression [hasAnyAuthority('CLIENTE','EMPRESA_ADMIN','EMPRESA_USER')] for any request
2023-01-08 13:45:27.517  INFO 22043 --- [restartedMain] o.s.s.web.DefaultSecurityFilterChain     : Will secure any request with [org.springframework.security.web.session.DisableEncodeUrlFilter@3e0f8d18, org.springframework.security.web.context.request.async.WebAsyncManagerIntegrationFilter@6fc27ac3, org.springframework.security.web.context.SecurityContextPersistenceFilter@1cf6c023, org.springframework.security.web.header.HeaderWriterFilter@2b4a1698, org.springframework.web.filter.CorsFilter@3f363733, org.springframework.security.web.authentication.logout.LogoutFilter@7c7e21fc, br.com.ifpe.oxefoodmarcilio.security.jwt.JwtTokenAuthenticationFilter@f69a421, org.springframework.security.web.savedrequest.RequestCacheAwareFilter@7f5714cf, org.springframework.security.web.servletapi.SecurityContextHolderAwareRequestFilter@4d2236b, org.springframework.security.web.authentication.AnonymousAuthenticationFilter@4d4c8f99, org.springframework.security.web.session.SessionManagementFilter@630634b6, org.springframework.security.web.access.ExceptionTranslationFilter@e2dade7, org.springframework.security.web.access.intercept.FilterSecurityInterceptor@2c73939f]
2023-01-08 13:45:27.569  INFO 22043 --- [restartedMain] o.s.b.d.a.OptionalLiveReloadServer       : LiveReload server is running on port 35729
2023-01-08 13:45:27.678  WARN 22043 --- [restartedMain] JpaBaseConfiguration$JpaWebConfiguration : spring.jpa.open-in-view is enabled by default. Therefore, database queries may be performed during view rendering. Explicitly configure spring.jpa.open-in-view to disable this warning
2023-01-08 13:45:28.000  INFO 22043 --- [restartedMain] o.s.b.w.embedded.tomcat.TomcatWebServer  : Tomcat started on port(s): 8080 (http) with context path ''
2023-01-08 13:45:28.203  INFO 22043 --- [restartedMain] b.c.i.o.OxefoodMarcilioApplication       : Started OxefoodMarcilioApplication in 2.5 seconds (JVM running for 79.476)
2023-01-08 13:45:28.205  INFO 22043 --- [restartedMain] .ConditionEvaluationDeltaLoggingListener : Condition evaluation unchanged
2023-01-08 13:45:36.719  INFO 22043 --- [http-nio-8080-exec-1] o.a.c.c.C.[Tomcat].[localhost].[/]       : Initializing Spring DispatcherServlet 'dispatcherServlet'
2023-01-08 13:45:36.720  INFO 22043 --- [http-nio-8080-exec-1] o.s.web.servlet.DispatcherServlet        : Initializing Servlet 'dispatcherServlet'
2023-01-08 13:45:36.723  INFO 22043 --- [http-nio-8080-exec-1] o.s.web.servlet.DispatcherServlet        : Completed initialization in 3 ms
2023-01-08 13:45:36.723 DEBUG 22043 --- [http-nio-8080-exec-1] o.s.security.web.FilterChainProxy        : Securing GET /api/categoriaproduto
2023-01-08 13:45:36.723 DEBUG 22043 --- [http-nio-8080-exec-1] s.s.w.c.SecurityContextPersistenceFilter : Set SecurityContextHolder to empty SecurityContext
2023-01-08 13:45:36.726 DEBUG 22043 --- [http-nio-8080-exec-1] o.s.s.w.a.AnonymousAuthenticationFilter  : Set SecurityContextHolder to anonymous SecurityContext
2023-01-08 13:45:36.727 DEBUG 22043 --- [http-nio-8080-exec-1] o.s.s.w.a.i.FilterSecurityInterceptor    : Authorized filter invocation [GET /api/categoriaproduto] with attributes [permitAll]
2023-01-08 13:45:36.727 DEBUG 22043 --- [http-nio-8080-exec-1] o.s.security.web.FilterChainProxy        : Secured GET /api/categoriaproduto
2023-01-08 13:45:36.728  WARN 22043 --- [http-nio-8080-exec-1] .w.s.m.s.DefaultHandlerExceptionResolver : Resolved [org.springframework.web.HttpRequestMethodNotSupportedException: Request method 'GET' not supported]
2023-01-08 13:45:36.729 DEBUG 22043 --- [http-nio-8080-exec-1] s.s.w.c.SecurityContextPersistenceFilter : Cleared SecurityContextHolder to complete request
2023-01-08 13:45:36.729 DEBUG 22043 --- [http-nio-8080-exec-1] o.s.security.web.FilterChainProxy        : Securing GET /error
2023-01-08 13:45:36.729 DEBUG 22043 --- [http-nio-8080-exec-1] s.s.w.c.SecurityContextPersistenceFilter : Set SecurityContextHolder to empty SecurityContext
2023-01-08 13:45:36.729 DEBUG 22043 --- [http-nio-8080-exec-1] o.s.s.w.a.AnonymousAuthenticationFilter  : Set SecurityContextHolder to anonymous SecurityContext
2023-01-08 13:45:36.729 DEBUG 22043 --- [http-nio-8080-exec-1] o.s.security.web.FilterChainProxy        : Secured GET /error
2023-01-08 13:45:36.737 DEBUG 22043 --- [http-nio-8080-exec-1] s.s.w.c.SecurityContextPersistenceFilter : Cleared SecurityContextHolder to complete request
2023-01-08 13:46:07.598 DEBUG 22043 --- [http-nio-8080-exec-2] o.s.security.web.FilterChainProxy        : Securing GET /api/categoriaproduto
2023-01-08 13:46:07.598 DEBUG 22043 --- [http-nio-8080-exec-2] s.s.w.c.SecurityContextPersistenceFilter : Set SecurityContextHolder to empty SecurityContext
2023-01-08 13:46:07.758 DEBUG 22043 --- [http-nio-8080-exec-2] o.s.s.w.a.i.FilterSecurityInterceptor    : Authorized filter invocation [GET /api/categoriaproduto] with attributes [permitAll]
2023-01-08 13:46:07.758 DEBUG 22043 --- [http-nio-8080-exec-2] o.s.security.web.FilterChainProxy        : Secured GET /api/categoriaproduto
2023-01-08 13:46:07.759  WARN 22043 --- [http-nio-8080-exec-2] .w.s.m.s.DefaultHandlerExceptionResolver : Resolved [org.springframework.web.HttpRequestMethodNotSupportedException: Request method 'GET' not supported]
2023-01-08 13:46:07.760 DEBUG 22043 --- [http-nio-8080-exec-2] s.s.w.c.SecurityContextPersistenceFilter : Cleared SecurityContextHolder to complete request
2023-01-08 13:46:07.760 DEBUG 22043 --- [http-nio-8080-exec-2] o.s.security.web.FilterChainProxy        : Securing GET /error
2023-01-08 13:46:07.760 DEBUG 22043 --- [http-nio-8080-exec-2] s.s.w.c.SecurityContextPersistenceFilter : Set SecurityContextHolder to empty SecurityContext
2023-01-08 13:46:07.760 DEBUG 22043 --- [http-nio-8080-exec-2] o.s.s.w.a.AnonymousAuthenticationFilter  : Set SecurityContextHolder to anonymous SecurityContext
2023-01-08 13:46:07.760 DEBUG 22043 --- [http-nio-8080-exec-2] o.s.security.web.FilterChainProxy        : Secured GET /error
2023-01-08 13:46:07.763 DEBUG 22043 --- [http-nio-8080-exec-2] s.s.w.c.SecurityContextPersistenceFilter : Cleared SecurityContextHolder to complete request
2023-01-08 13:46:55.948 DEBUG 22043 --- [http-nio-8080-exec-3] o.s.security.web.FilterChainProxy        : Securing GET /api/cliente
2023-01-08 13:46:55.948 DEBUG 22043 --- [http-nio-8080-exec-3] s.s.w.c.SecurityContextPersistenceFilter : Set SecurityContextHolder to empty SecurityContext
2023-01-08 13:46:55.949 DEBUG 22043 --- [http-nio-8080-exec-3] o.s.s.w.a.AnonymousAuthenticationFilter  : Set SecurityContextHolder to anonymous SecurityContext
2023-01-08 13:46:55.950 DEBUG 22043 --- [http-nio-8080-exec-3] o.s.s.w.a.i.FilterSecurityInterceptor    : Authorized filter invocation [GET /api/cliente] with attributes [permitAll]
2023-01-08 13:46:55.950 DEBUG 22043 --- [http-nio-8080-exec-3] o.s.security.web.FilterChainProxy        : Secured GET /api/cliente
2023-01-08 13:46:56.043 DEBUG 22043 --- [http-nio-8080-exec-3] s.s.w.c.SecurityContextPersistenceFilter : Cleared SecurityContextHolder to complete request
2023-01-08 13:48:42.570  INFO 22043 --- [File Watcher] rtingClassPathChangeChangedEventListener : Restarting due to 2 class path changes (0 additions, 0 deletions, 2 modifications)
2023-01-08 13:48:42.573  INFO 22043 --- [Thread-7] o.apache.catalina.core.StandardService   : Stopping service [Tomcat]
2023-01-08 13:48:42.574  INFO 22043 --- [Thread-7] o.a.c.c.C.[Tomcat].[localhost].[/]       : Destroying Spring FrameworkServlet 'dispatcherServlet'
2023-01-08 13:48:42.585  INFO 22043 --- [Thread-7] j.LocalContainerEntityManagerFactoryBean : Closing JPA EntityManagerFactory for persistence unit 'default'
2023-01-08 13:48:42.586  INFO 22043 --- [Thread-7] com.zaxxer.hikari.HikariDataSource       : HikariPool-2 - Shutdown initiated...
2023-01-08 13:48:42.592  INFO 22043 --- [Thread-7] com.zaxxer.hikari.HikariDataSource       : HikariPool-2 - Shutdown completed.
2023-01-08 13:48:42.703  INFO 22043 --- [restartedMain] b.c.i.o.OxefoodMarcilioApplication       : Starting OxefoodMarcilioApplication using Java 11.0.16 on ustore-ideapad with PID 22043 (/home/ustore/git/oxefood-marcilio/target/classes started by ustore in /home/ustore/git/oxefood-marcilio)
2023-01-08 13:48:42.703  INFO 22043 --- [restartedMain] b.c.i.o.OxefoodMarcilioApplication       : No active profile set, falling back to 1 default profile: "default"
2023-01-08 13:48:42.962  INFO 22043 --- [restartedMain] .s.d.r.c.RepositoryConfigurationDelegate : Bootstrapping Spring Data JPA repositories in DEFAULT mode.
2023-01-08 13:48:42.991  INFO 22043 --- [restartedMain] .s.d.r.c.RepositoryConfigurationDelegate : Finished Spring Data repository scanning in 28 ms. Found 7 JPA repository interfaces.
2023-01-08 13:48:43.193  INFO 22043 --- [restartedMain] o.s.b.w.embedded.tomcat.TomcatWebServer  : Tomcat initialized with port(s): 8080 (http)
2023-01-08 13:48:43.194  INFO 22043 --- [restartedMain] o.apache.catalina.core.StandardService   : Starting service [Tomcat]
2023-01-08 13:48:43.194  INFO 22043 --- [restartedMain] org.apache.catalina.core.StandardEngine  : Starting Servlet engine: [Apache Tomcat/9.0.65]
2023-01-08 13:48:43.206  INFO 22043 --- [restartedMain] o.a.c.c.C.[Tomcat].[localhost].[/]       : Initializing Spring embedded WebApplicationContext
2023-01-08 13:48:43.206  INFO 22043 --- [restartedMain] w.s.c.ServletWebServerApplicationContext : Root WebApplicationContext: initialization completed in 500 ms
2023-01-08 13:48:43.228  INFO 22043 --- [restartedMain] com.zaxxer.hikari.HikariDataSource       : HikariPool-3 - Starting...
2023-01-08 13:48:43.252  INFO 22043 --- [restartedMain] com.zaxxer.hikari.HikariDataSource       : HikariPool-3 - Start completed.
2023-01-08 13:48:43.252  INFO 22043 --- [restartedMain] o.s.b.a.h2.H2ConsoleAutoConfiguration    : H2 console available at '/h2-console'. Database available at 'jdbc:postgresql://172.24.0.2:5432/oxefood'
2023-01-08 13:48:43.305  INFO 22043 --- [restartedMain] o.hibernate.jpa.internal.util.LogHelper  : HHH000204: Processing PersistenceUnitInfo [name: default]
2023-01-08 13:48:43.311  INFO 22043 --- [restartedMain] org.hibernate.dialect.Dialect            : HHH000400: Using dialect: org.hibernate.dialect.PostgreSQLDialect
2023-01-08 13:48:43.526  INFO 22043 --- [restartedMain] o.h.e.t.j.p.i.JtaPlatformInitiator       : HHH000490: Using JtaPlatform implementation: [org.hibernate.engine.transaction.jta.platform.internal.NoJtaPlatform]
2023-01-08 13:48:43.526  INFO 22043 --- [restartedMain] j.LocalContainerEntityManagerFactoryBean : Initialized JPA EntityManagerFactory for persistence unit 'default'
2023-01-08 13:48:44.199 DEBUG 22043 --- [restartedMain] edFilterInvocationSecurityMetadataSource : Adding web access control expression [permitAll] for Ant [pattern='/swagger-resources/**']
2023-01-08 13:48:44.199 DEBUG 22043 --- [restartedMain] edFilterInvocationSecurityMetadataSource : Adding web access control expression [permitAll] for Ant [pattern='/swagger-ui.html']
2023-01-08 13:48:44.199 DEBUG 22043 --- [restartedMain] edFilterInvocationSecurityMetadataSource : Adding web access control expression [permitAll] for Ant [pattern='/swagger*/**']
2023-01-08 13:48:44.199 DEBUG 22043 --- [restartedMain] edFilterInvocationSecurityMetadataSource : Adding web access control expression [permitAll] for Ant [pattern='/v2/api-docs']
2023-01-08 13:48:44.200 DEBUG 22043 --- [restartedMain] edFilterInvocationSecurityMetadataSource : Adding web access control expression [permitAll] for Ant [pattern='/webjars/**']
2023-01-08 13:48:44.200 DEBUG 22043 --- [restartedMain] edFilterInvocationSecurityMetadataSource : Adding web access control expression [permitAll] for Ant [pattern='/routes/**']
2023-01-08 13:48:44.200 DEBUG 22043 --- [restartedMain] edFilterInvocationSecurityMetadataSource : Adding web access control expression [permitAll] for Ant [pattern='/favicon.ico']
2023-01-08 13:48:44.200 DEBUG 22043 --- [restartedMain] edFilterInvocationSecurityMetadataSource : Adding web access control expression [permitAll] for Ant [pattern='/ws/**']
2023-01-08 13:48:44.200 DEBUG 22043 --- [restartedMain] edFilterInvocationSecurityMetadataSource : Adding web access control expression [permitAll] for Ant [pattern='/delifacil/**/dadosPedidoNew/**']
2023-01-08 13:48:44.200 DEBUG 22043 --- [restartedMain] edFilterInvocationSecurityMetadataSource : Adding web access control expression [permitAll] for Ant [pattern='/delifacil/image/**']
2023-01-08 13:48:44.200 DEBUG 22043 --- [restartedMain] edFilterInvocationSecurityMetadataSource : Adding web access control expression [permitAll] for Ant [pattern='/api/login/signin', POST]
2023-01-08 13:48:44.200 DEBUG 22043 --- [restartedMain] edFilterInvocationSecurityMetadataSource : Adding web access control expression [permitAll] for Ant [pattern='/api/cliente', POST]
2023-01-08 13:48:44.200 DEBUG 22043 --- [restartedMain] edFilterInvocationSecurityMetadataSource : Adding web access control expression [permitAll] for Ant [pattern='/api/cliente/**', GET]
2023-01-08 13:48:44.200 DEBUG 22043 --- [restartedMain] edFilterInvocationSecurityMetadataSource : Adding web access control expression [permitAll] for Ant [pattern='/api/cliente/*', PUT]
2023-01-08 13:48:44.200 DEBUG 22043 --- [restartedMain] edFilterInvocationSecurityMetadataSource : Adding web access control expression [permitAll] for Ant [pattern='/api/cliente/*', DELETE]
2023-01-08 13:48:44.200 DEBUG 22043 --- [restartedMain] edFilterInvocationSecurityMetadataSource : Adding web access control expression [permitAll] for Ant [pattern='/api/empresa', POST]
2023-01-08 13:48:44.200 DEBUG 22043 --- [restartedMain] edFilterInvocationSecurityMetadataSource : Adding web access control expression [permitAll] for Ant [pattern='/api/empresa/*', DELETE]
2023-01-08 13:48:44.200 DEBUG 22043 --- [restartedMain] edFilterInvocationSecurityMetadataSource : Adding web access control expression [permitAll] for Ant [pattern='/api/empresa/**', GET]
2023-01-08 13:48:44.200 DEBUG 22043 --- [restartedMain] edFilterInvocationSecurityMetadataSource : Adding web access control expression [permitAll] for Ant [pattern='/api/enderecocliente/**', POST]
2023-01-08 13:48:44.200 DEBUG 22043 --- [restartedMain] edFilterInvocationSecurityMetadataSource : Adding web access control expression [permitAll] for Ant [pattern='/api/categoriaproduto', POST]
2023-01-08 13:48:44.201 DEBUG 22043 --- [restartedMain] edFilterInvocationSecurityMetadataSource : Adding web access control expression [permitAll] for Ant [pattern='/api/categoriaproduto', GET]
2023-01-08 13:48:44.201 DEBUG 22043 --- [restartedMain] edFilterInvocationSecurityMetadataSource : Adding web access control expression [permitAll] for Ant [pattern='/api/categoriaproduto/**', GET]
2023-01-08 13:48:44.201 DEBUG 22043 --- [restartedMain] edFilterInvocationSecurityMetadataSource : Adding web access control expression [permitAll] for Ant [pattern='/api/categoriaproduto/*', PUT]
2023-01-08 13:48:44.201 DEBUG 22043 --- [restartedMain] edFilterInvocationSecurityMetadataSource : Adding web access control expression [permitAll] for Ant [pattern='/api/categoriaproduto/*', DELETE]
2023-01-08 13:48:44.201 DEBUG 22043 --- [restartedMain] edFilterInvocationSecurityMetadataSource : Adding web access control expression [permitAll] for Ant [pattern='/api/cupomdesconto', POST]
2023-01-08 13:48:44.201 DEBUG 22043 --- [restartedMain] edFilterInvocationSecurityMetadataSource : Adding web access control expression [permitAll] for Ant [pattern='/api/cupomdesconto/**', GET]
2023-01-08 13:48:44.201 DEBUG 22043 --- [restartedMain] edFilterInvocationSecurityMetadataSource : Adding web access control expression [permitAll] for Ant [pattern='/api/cupomdesconto/*', PUT]
2023-01-08 13:48:44.201 DEBUG 22043 --- [restartedMain] edFilterInvocationSecurityMetadataSource : Adding web access control expression [permitAll] for Ant [pattern='/api/cupomdesconto/*', DELETE]
2023-01-08 13:48:44.201 DEBUG 22043 --- [restartedMain] edFilterInvocationSecurityMetadataSource : Adding web access control expression [permitAll] for Ant [pattern='/api/produto', POST]
2023-01-08 13:48:44.201 DEBUG 22043 --- [restartedMain] edFilterInvocationSecurityMetadataSource : Adding web access control expression [permitAll] for Ant [pattern='/api/produto', PUT]
2023-01-08 13:48:44.201 DEBUG 22043 --- [restartedMain] edFilterInvocationSecurityMetadataSource : Adding web access control expression [permitAll] for Ant [pattern='/api/produto', DELETE]
2023-01-08 13:48:44.201 DEBUG 22043 --- [restartedMain] edFilterInvocationSecurityMetadataSource : Adding web access control expression [permitAll] for Ant [pattern='/api/produto/**', GET]
2023-01-08 13:48:44.201 DEBUG 22043 --- [restartedMain] edFilterInvocationSecurityMetadataSource : Adding web access control expression [hasAnyAuthority('CLIENTE','EMPRESA_ADMIN','EMPRESA_USER')] for any request
2023-01-08 13:48:44.205  INFO 22043 --- [restartedMain] o.s.s.web.DefaultSecurityFilterChain     : Will secure any request with [org.springframework.security.web.session.DisableEncodeUrlFilter@7bf9751e, org.springframework.security.web.context.request.async.WebAsyncManagerIntegrationFilter@69ba261a, org.springframework.security.web.context.SecurityContextPersistenceFilter@2a501152, org.springframework.security.web.header.HeaderWriterFilter@1423ecb5, org.springframework.web.filter.CorsFilter@532fae90, org.springframework.security.web.authentication.logout.LogoutFilter@2c1e2c81, br.com.ifpe.oxefoodmarcilio.security.jwt.JwtTokenAuthenticationFilter@242dd63b, org.springframework.security.web.savedrequest.RequestCacheAwareFilter@2dc38d50, org.springframework.security.web.servletapi.SecurityContextHolderAwareRequestFilter@260e9a19, org.springframework.security.web.authentication.AnonymousAuthenticationFilter@14cc1625, org.springframework.security.web.session.SessionManagementFilter@5e8fd9ee, org.springframework.security.web.access.ExceptionTranslationFilter@523aa5c5, org.springframework.security.web.access.intercept.FilterSecurityInterceptor@98fcf49]
2023-01-08 13:48:44.228  INFO 22043 --- [restartedMain] o.s.b.d.a.OptionalLiveReloadServer       : LiveReload server is running on port 35729
2023-01-08 13:48:44.284  WARN 22043 --- [restartedMain] JpaBaseConfiguration$JpaWebConfiguration : spring.jpa.open-in-view is enabled by default. Therefore, database queries may be performed during view rendering. Explicitly configure spring.jpa.open-in-view to disable this warning
2023-01-08 13:48:44.460  INFO 22043 --- [restartedMain] o.s.b.w.embedded.tomcat.TomcatWebServer  : Tomcat started on port(s): 8080 (http) with context path ''
2023-01-08 13:48:44.642  INFO 22043 --- [restartedMain] b.c.i.o.OxefoodMarcilioApplication       : Started OxefoodMarcilioApplication in 1.967 seconds (JVM running for 275.916)
2023-01-08 13:48:44.644  INFO 22043 --- [restartedMain] .ConditionEvaluationDeltaLoggingListener : Condition evaluation unchanged
2023-01-08 13:48:47.876  INFO 22043 --- [File Watcher] rtingClassPathChangeChangedEventListener : Restarting due to 2 class path changes (0 additions, 0 deletions, 2 modifications)
2023-01-08 13:48:47.888  INFO 22043 --- [Thread-11] o.apache.catalina.core.StandardService   : Stopping service [Tomcat]
2023-01-08 13:48:47.903  INFO 22043 --- [Thread-11] j.LocalContainerEntityManagerFactoryBean : Closing JPA EntityManagerFactory for persistence unit 'default'
2023-01-08 13:48:47.904  INFO 22043 --- [Thread-11] com.zaxxer.hikari.HikariDataSource       : HikariPool-3 - Shutdown initiated...
2023-01-08 13:48:47.913  INFO 22043 --- [Thread-11] com.zaxxer.hikari.HikariDataSource       : HikariPool-3 - Shutdown completed.
2023-01-08 13:48:48.030  INFO 22043 --- [restartedMain] b.c.i.o.OxefoodMarcilioApplication       : Starting OxefoodMarcilioApplication using Java 11.0.16 on ustore-ideapad with PID 22043 (/home/ustore/git/oxefood-marcilio/target/classes started by ustore in /home/ustore/git/oxefood-marcilio)
2023-01-08 13:48:48.030  INFO 22043 --- [restartedMain] b.c.i.o.OxefoodMarcilioApplication       : No active profile set, falling back to 1 default profile: "default"
2023-01-08 13:48:48.280  INFO 22043 --- [restartedMain] .s.d.r.c.RepositoryConfigurationDelegate : Bootstrapping Spring Data JPA repositories in DEFAULT mode.
2023-01-08 13:48:48.299  INFO 22043 --- [restartedMain] .s.d.r.c.RepositoryConfigurationDelegate : Finished Spring Data repository scanning in 19 ms. Found 7 JPA repository interfaces.
2023-01-08 13:48:48.444  INFO 22043 --- [restartedMain] o.s.b.w.embedded.tomcat.TomcatWebServer  : Tomcat initialized with port(s): 8080 (http)
2023-01-08 13:48:48.445  INFO 22043 --- [restartedMain] o.apache.catalina.core.StandardService   : Starting service [Tomcat]
2023-01-08 13:48:48.445  INFO 22043 --- [restartedMain] org.apache.catalina.core.StandardEngine  : Starting Servlet engine: [Apache Tomcat/9.0.65]
2023-01-08 13:48:48.455  INFO 22043 --- [restartedMain] o.a.c.c.C.[Tomcat].[localhost].[/]       : Initializing Spring embedded WebApplicationContext
2023-01-08 13:48:48.455  INFO 22043 --- [restartedMain] w.s.c.ServletWebServerApplicationContext : Root WebApplicationContext: initialization completed in 423 ms
2023-01-08 13:48:48.476  INFO 22043 --- [restartedMain] com.zaxxer.hikari.HikariDataSource       : HikariPool-4 - Starting...
2023-01-08 13:48:48.501  INFO 22043 --- [restartedMain] com.zaxxer.hikari.HikariDataSource       : HikariPool-4 - Start completed.
2023-01-08 13:48:48.501  INFO 22043 --- [restartedMain] o.s.b.a.h2.H2ConsoleAutoConfiguration    : H2 console available at '/h2-console'. Database available at 'jdbc:postgresql://172.24.0.2:5432/oxefood'
2023-01-08 13:48:48.539  INFO 22043 --- [restartedMain] o.hibernate.jpa.internal.util.LogHelper  : HHH000204: Processing PersistenceUnitInfo [name: default]
2023-01-08 13:48:48.545  INFO 22043 --- [restartedMain] org.hibernate.dialect.Dialect            : HHH000400: Using dialect: org.hibernate.dialect.PostgreSQLDialect
2023-01-08 13:48:48.764  INFO 22043 --- [restartedMain] o.h.e.t.j.p.i.JtaPlatformInitiator       : HHH000490: Using JtaPlatform implementation: [org.hibernate.engine.transaction.jta.platform.internal.NoJtaPlatform]
2023-01-08 13:48:48.764  INFO 22043 --- [restartedMain] j.LocalContainerEntityManagerFactoryBean : Initialized JPA EntityManagerFactory for persistence unit 'default'
2023-01-08 13:48:49.365 DEBUG 22043 --- [restartedMain] edFilterInvocationSecurityMetadataSource : Adding web access control expression [permitAll] for Ant [pattern='/swagger-resources/**']
2023-01-08 13:48:49.365 DEBUG 22043 --- [restartedMain] edFilterInvocationSecurityMetadataSource : Adding web access control expression [permitAll] for Ant [pattern='/swagger-ui.html']
2023-01-08 13:48:49.365 DEBUG 22043 --- [restartedMain] edFilterInvocationSecurityMetadataSource : Adding web access control expression [permitAll] for Ant [pattern='/swagger*/**']
2023-01-08 13:48:49.365 DEBUG 22043 --- [restartedMain] edFilterInvocationSecurityMetadataSource : Adding web access control expression [permitAll] for Ant [pattern='/v2/api-docs']
2023-01-08 13:48:49.365 DEBUG 22043 --- [restartedMain] edFilterInvocationSecurityMetadataSource : Adding web access control expression [permitAll] for Ant [pattern='/webjars/**']
2023-01-08 13:48:49.365 DEBUG 22043 --- [restartedMain] edFilterInvocationSecurityMetadataSource : Adding web access control expression [permitAll] for Ant [pattern='/routes/**']
2023-01-08 13:48:49.365 DEBUG 22043 --- [restartedMain] edFilterInvocationSecurityMetadataSource : Adding web access control expression [permitAll] for Ant [pattern='/favicon.ico']
2023-01-08 13:48:49.365 DEBUG 22043 --- [restartedMain] edFilterInvocationSecurityMetadataSource : Adding web access control expression [permitAll] for Ant [pattern='/ws/**']
2023-01-08 13:48:49.365 DEBUG 22043 --- [restartedMain] edFilterInvocationSecurityMetadataSource : Adding web access control expression [permitAll] for Ant [pattern='/delifacil/**/dadosPedidoNew/**']
2023-01-08 13:48:49.366 DEBUG 22043 --- [restartedMain] edFilterInvocationSecurityMetadataSource : Adding web access control expression [permitAll] for Ant [pattern='/delifacil/image/**']
2023-01-08 13:48:49.366 DEBUG 22043 --- [restartedMain] edFilterInvocationSecurityMetadataSource : Adding web access control expression [permitAll] for Ant [pattern='/api/login/signin', POST]
2023-01-08 13:48:49.366 DEBUG 22043 --- [restartedMain] edFilterInvocationSecurityMetadataSource : Adding web access control expression [permitAll] for Ant [pattern='/api/cliente', POST]
2023-01-08 13:48:49.366 DEBUG 22043 --- [restartedMain] edFilterInvocationSecurityMetadataSource : Adding web access control expression [permitAll] for Ant [pattern='/api/cliente/**', GET]
2023-01-08 13:48:49.366 DEBUG 22043 --- [restartedMain] edFilterInvocationSecurityMetadataSource : Adding web access control expression [permitAll] for Ant [pattern='/api/cliente/*', PUT]
2023-01-08 13:48:49.366 DEBUG 22043 --- [restartedMain] edFilterInvocationSecurityMetadataSource : Adding web access control expression [permitAll] for Ant [pattern='/api/cliente/*', DELETE]
2023-01-08 13:48:49.366 DEBUG 22043 --- [restartedMain] edFilterInvocationSecurityMetadataSource : Adding web access control expression [permitAll] for Ant [pattern='/api/empresa', POST]
2023-01-08 13:48:49.366 DEBUG 22043 --- [restartedMain] edFilterInvocationSecurityMetadataSource : Adding web access control expression [permitAll] for Ant [pattern='/api/empresa/*', DELETE]
2023-01-08 13:48:49.366 DEBUG 22043 --- [restartedMain] edFilterInvocationSecurityMetadataSource : Adding web access control expression [permitAll] for Ant [pattern='/api/empresa/**', GET]
2023-01-08 13:48:49.366 DEBUG 22043 --- [restartedMain] edFilterInvocationSecurityMetadataSource : Adding web access control expression [permitAll] for Ant [pattern='/api/enderecocliente/**', POST]
2023-01-08 13:48:49.366 DEBUG 22043 --- [restartedMain] edFilterInvocationSecurityMetadataSource : Adding web access control expression [permitAll] for Ant [pattern='/api/categoriaproduto', POST]
2023-01-08 13:48:49.366 DEBUG 22043 --- [restartedMain] edFilterInvocationSecurityMetadataSource : Adding web access control expression [permitAll] for Ant [pattern='/api/categoriaproduto', GET]
2023-01-08 13:48:49.366 DEBUG 22043 --- [restartedMain] edFilterInvocationSecurityMetadataSource : Adding web access control expression [permitAll] for Ant [pattern='/api/categoriaproduto/**', GET]
2023-01-08 13:48:49.366 DEBUG 22043 --- [restartedMain] edFilterInvocationSecurityMetadataSource : Adding web access control expression [permitAll] for Ant [pattern='/api/categoriaproduto/*', PUT]
2023-01-08 13:48:49.366 DEBUG 22043 --- [restartedMain] edFilterInvocationSecurityMetadataSource : Adding web access control expression [permitAll] for Ant [pattern='/api/categoriaproduto/*', DELETE]
2023-01-08 13:48:49.366 DEBUG 22043 --- [restartedMain] edFilterInvocationSecurityMetadataSource : Adding web access control expression [permitAll] for Ant [pattern='/api/cupomdesconto', POST]
2023-01-08 13:48:49.366 DEBUG 22043 --- [restartedMain] edFilterInvocationSecurityMetadataSource : Adding web access control expression [permitAll] for Ant [pattern='/api/cupomdesconto/**', GET]
2023-01-08 13:48:49.366 DEBUG 22043 --- [restartedMain] edFilterInvocationSecurityMetadataSource : Adding web access control expression [permitAll] for Ant [pattern='/api/cupomdesconto/*', PUT]
2023-01-08 13:48:49.366 DEBUG 22043 --- [restartedMain] edFilterInvocationSecurityMetadataSource : Adding web access control expression [permitAll] for Ant [pattern='/api/cupomdesconto/*', DELETE]
2023-01-08 13:48:49.366 DEBUG 22043 --- [restartedMain] edFilterInvocationSecurityMetadataSource : Adding web access control expression [permitAll] for Ant [pattern='/api/produto', POST]
2023-01-08 13:48:49.366 DEBUG 22043 --- [restartedMain] edFilterInvocationSecurityMetadataSource : Adding web access control expression [permitAll] for Ant [pattern='/api/produto', PUT]
2023-01-08 13:48:49.366 DEBUG 22043 --- [restartedMain] edFilterInvocationSecurityMetadataSource : Adding web access control expression [permitAll] for Ant [pattern='/api/produto', DELETE]
2023-01-08 13:48:49.367 DEBUG 22043 --- [restartedMain] edFilterInvocationSecurityMetadataSource : Adding web access control expression [permitAll] for Ant [pattern='/api/produto/**', GET]
2023-01-08 13:48:49.367 DEBUG 22043 --- [restartedMain] edFilterInvocationSecurityMetadataSource : Adding web access control expression [hasAnyAuthority('CLIENTE','EMPRESA_ADMIN','EMPRESA_USER')] for any request
2023-01-08 13:48:49.370  INFO 22043 --- [restartedMain] o.s.s.web.DefaultSecurityFilterChain     : Will secure any request with [org.springframework.security.web.session.DisableEncodeUrlFilter@521fb79d, org.springframework.security.web.context.request.async.WebAsyncManagerIntegrationFilter@33efbb4e, org.springframework.security.web.context.SecurityContextPersistenceFilter@6843ebb3, org.springframework.security.web.header.HeaderWriterFilter@28d2f266, org.springframework.web.filter.CorsFilter@5c53a42c, org.springframework.security.web.authentication.logout.LogoutFilter@7708945f, br.com.ifpe.oxefoodmarcilio.security.jwt.JwtTokenAuthenticationFilter@4b88135b, org.springframework.security.web.savedrequest.RequestCacheAwareFilter@49f4eb7f, org.springframework.security.web.servletapi.SecurityContextHolderAwareRequestFilter@760a71e5, org.springframework.security.web.authentication.AnonymousAuthenticationFilter@6484f6e8, org.springframework.security.web.session.SessionManagementFilter@51c4fb2c, org.springframework.security.web.access.ExceptionTranslationFilter@6608e3df, org.springframework.security.web.access.intercept.FilterSecurityInterceptor@738c980d]
2023-01-08 13:48:49.391  INFO 22043 --- [restartedMain] o.s.b.d.a.OptionalLiveReloadServer       : LiveReload server is running on port 35729
2023-01-08 13:48:49.447  WARN 22043 --- [restartedMain] JpaBaseConfiguration$JpaWebConfiguration : spring.jpa.open-in-view is enabled by default. Therefore, database queries may be performed during view rendering. Explicitly configure spring.jpa.open-in-view to disable this warning
2023-01-08 13:48:49.619  INFO 22043 --- [restartedMain] o.s.b.w.embedded.tomcat.TomcatWebServer  : Tomcat started on port(s): 8080 (http) with context path ''
2023-01-08 13:48:49.781  INFO 22043 --- [restartedMain] b.c.i.o.OxefoodMarcilioApplication       : Started OxefoodMarcilioApplication in 1.786 seconds (JVM running for 281.055)
2023-01-08 13:48:49.783  INFO 22043 --- [restartedMain] .ConditionEvaluationDeltaLoggingListener : Condition evaluation unchanged
2023-01-08 13:48:55.838  INFO 22043 --- [http-nio-8080-exec-1] o.a.c.c.C.[Tomcat].[localhost].[/]       : Initializing Spring DispatcherServlet 'dispatcherServlet'
2023-01-08 13:48:55.838  INFO 22043 --- [http-nio-8080-exec-1] o.s.web.servlet.DispatcherServlet        : Initializing Servlet 'dispatcherServlet'
2023-01-08 13:48:55.840  INFO 22043 --- [http-nio-8080-exec-1] o.s.web.servlet.DispatcherServlet        : Completed initialization in 2 ms
2023-01-08 13:48:55.840 DEBUG 22043 --- [http-nio-8080-exec-1] o.s.security.web.FilterChainProxy        : Securing GET /api/categoriaproduto
2023-01-08 13:48:55.840 DEBUG 22043 --- [http-nio-8080-exec-1] s.s.w.c.SecurityContextPersistenceFilter : Set SecurityContextHolder to empty SecurityContext
2023-01-08 13:48:55.864 DEBUG 22043 --- [http-nio-8080-exec-1] o.s.s.w.a.i.FilterSecurityInterceptor    : Authorized filter invocation [GET /api/categoriaproduto] with attributes [permitAll]
2023-01-08 13:48:55.864 DEBUG 22043 --- [http-nio-8080-exec-1] o.s.security.web.FilterChainProxy        : Secured GET /api/categoriaproduto
2023-01-08 13:48:55.880 DEBUG 22043 --- [http-nio-8080-exec-1] s.s.w.c.SecurityContextPersistenceFilter : Cleared SecurityContextHolder to complete request
2023-01-08 13:49:08.046 DEBUG 22043 --- [http-nio-8080-exec-2] o.s.security.web.FilterChainProxy        : Securing GET /api/produto
2023-01-08 13:49:08.047 DEBUG 22043 --- [http-nio-8080-exec-2] s.s.w.c.SecurityContextPersistenceFilter : Set SecurityContextHolder to empty SecurityContext
2023-01-08 13:49:08.056 DEBUG 22043 --- [http-nio-8080-exec-2] o.s.s.w.a.i.FilterSecurityInterceptor    : Authorized filter invocation [GET /api/produto] with attributes [permitAll]
2023-01-08 13:49:08.057 DEBUG 22043 --- [http-nio-8080-exec-2] o.s.security.web.FilterChainProxy        : Secured GET /api/produto
2023-01-08 13:49:08.074 DEBUG 22043 --- [http-nio-8080-exec-2] s.s.w.c.SecurityContextPersistenceFilter : Cleared SecurityContextHolder to complete request
2023-01-08 13:49:13.414 DEBUG 22043 --- [http-nio-8080-exec-3] o.s.security.web.FilterChainProxy        : Securing GET /api/cliente
2023-01-08 13:49:13.414 DEBUG 22043 --- [http-nio-8080-exec-3] s.s.w.c.SecurityContextPersistenceFilter : Set SecurityContextHolder to empty SecurityContext
2023-01-08 13:49:13.415 DEBUG 22043 --- [http-nio-8080-exec-3] o.s.s.w.a.AnonymousAuthenticationFilter  : Set SecurityContextHolder to anonymous SecurityContext
2023-01-08 13:49:13.415 DEBUG 22043 --- [http-nio-8080-exec-3] o.s.s.w.a.i.FilterSecurityInterceptor    : Authorized filter invocation [GET /api/cliente] with attributes [permitAll]
2023-01-08 13:49:13.415 DEBUG 22043 --- [http-nio-8080-exec-3] o.s.security.web.FilterChainProxy        : Secured GET /api/cliente
2023-01-08 13:49:13.429 DEBUG 22043 --- [http-nio-8080-exec-3] s.s.w.c.SecurityContextPersistenceFilter : Cleared SecurityContextHolder to complete request
2023-01-08 13:49:30.226  INFO 22043 --- [File Watcher] rtingClassPathChangeChangedEventListener : Restarting due to 3 class path changes (0 additions, 0 deletions, 3 modifications)
2023-01-08 13:49:30.234  INFO 22043 --- [Thread-15] o.apache.catalina.core.StandardService   : Stopping service [Tomcat]
2023-01-08 13:49:30.244  INFO 22043 --- [Thread-15] o.a.c.c.C.[Tomcat].[localhost].[/]       : Destroying Spring FrameworkServlet 'dispatcherServlet'
2023-01-08 13:49:30.269  INFO 22043 --- [Thread-15] j.LocalContainerEntityManagerFactoryBean : Closing JPA EntityManagerFactory for persistence unit 'default'
2023-01-08 13:49:30.270  INFO 22043 --- [Thread-15] com.zaxxer.hikari.HikariDataSource       : HikariPool-4 - Shutdown initiated...
2023-01-08 13:49:30.285  INFO 22043 --- [Thread-15] com.zaxxer.hikari.HikariDataSource       : HikariPool-4 - Shutdown completed.
2023-01-08 13:49:30.388  INFO 22043 --- [restartedMain] b.c.i.o.OxefoodMarcilioApplication       : Starting OxefoodMarcilioApplication using Java 11.0.16 on ustore-ideapad with PID 22043 (/home/ustore/git/oxefood-marcilio/target/classes started by ustore in /home/ustore/git/oxefood-marcilio)
2023-01-08 13:49:30.389  INFO 22043 --- [restartedMain] b.c.i.o.OxefoodMarcilioApplication       : No active profile set, falling back to 1 default profile: "default"
2023-01-08 13:49:30.612  INFO 22043 --- [restartedMain] .s.d.r.c.RepositoryConfigurationDelegate : Bootstrapping Spring Data JPA repositories in DEFAULT mode.
2023-01-08 13:49:30.631  INFO 22043 --- [restartedMain] .s.d.r.c.RepositoryConfigurationDelegate : Finished Spring Data repository scanning in 18 ms. Found 7 JPA repository interfaces.
2023-01-08 13:49:30.774  INFO 22043 --- [restartedMain] o.s.b.w.embedded.tomcat.TomcatWebServer  : Tomcat initialized with port(s): 8080 (http)
2023-01-08 13:49:30.775  INFO 22043 --- [restartedMain] o.apache.catalina.core.StandardService   : Starting service [Tomcat]
2023-01-08 13:49:30.775  INFO 22043 --- [restartedMain] org.apache.catalina.core.StandardEngine  : Starting Servlet engine: [Apache Tomcat/9.0.65]
2023-01-08 13:49:30.783  INFO 22043 --- [restartedMain] o.a.c.c.C.[Tomcat].[localhost].[/]       : Initializing Spring embedded WebApplicationContext
2023-01-08 13:49:30.783  INFO 22043 --- [restartedMain] w.s.c.ServletWebServerApplicationContext : Root WebApplicationContext: initialization completed in 393 ms
2023-01-08 13:49:30.805  INFO 22043 --- [restartedMain] com.zaxxer.hikari.HikariDataSource       : HikariPool-5 - Starting...
2023-01-08 13:49:30.828  INFO 22043 --- [restartedMain] com.zaxxer.hikari.HikariDataSource       : HikariPool-5 - Start completed.
2023-01-08 13:49:30.828  INFO 22043 --- [restartedMain] o.s.b.a.h2.H2ConsoleAutoConfiguration    : H2 console available at '/h2-console'. Database available at 'jdbc:postgresql://172.24.0.2:5432/oxefood'
2023-01-08 13:49:30.872  INFO 22043 --- [restartedMain] o.hibernate.jpa.internal.util.LogHelper  : HHH000204: Processing PersistenceUnitInfo [name: default]
2023-01-08 13:49:30.877  INFO 22043 --- [restartedMain] org.hibernate.dialect.Dialect            : HHH000400: Using dialect: org.hibernate.dialect.PostgreSQLDialect
2023-01-08 13:49:31.067  INFO 22043 --- [restartedMain] o.h.e.t.j.p.i.JtaPlatformInitiator       : HHH000490: Using JtaPlatform implementation: [org.hibernate.engine.transaction.jta.platform.internal.NoJtaPlatform]
2023-01-08 13:49:31.067  INFO 22043 --- [restartedMain] j.LocalContainerEntityManagerFactoryBean : Initialized JPA EntityManagerFactory for persistence unit 'default'
2023-01-08 13:49:31.725 DEBUG 22043 --- [restartedMain] edFilterInvocationSecurityMetadataSource : Adding web access control expression [permitAll] for Ant [pattern='/swagger-resources/**']
2023-01-08 13:49:31.725 DEBUG 22043 --- [restartedMain] edFilterInvocationSecurityMetadataSource : Adding web access control expression [permitAll] for Ant [pattern='/swagger-ui.html']
2023-01-08 13:49:31.725 DEBUG 22043 --- [restartedMain] edFilterInvocationSecurityMetadataSource : Adding web access control expression [permitAll] for Ant [pattern='/swagger*/**']
2023-01-08 13:49:31.725 DEBUG 22043 --- [restartedMain] edFilterInvocationSecurityMetadataSource : Adding web access control expression [permitAll] for Ant [pattern='/v2/api-docs']
2023-01-08 13:49:31.725 DEBUG 22043 --- [restartedMain] edFilterInvocationSecurityMetadataSource : Adding web access control expression [permitAll] for Ant [pattern='/webjars/**']
2023-01-08 13:49:31.725 DEBUG 22043 --- [restartedMain] edFilterInvocationSecurityMetadataSource : Adding web access control expression [permitAll] for Ant [pattern='/routes/**']
2023-01-08 13:49:31.725 DEBUG 22043 --- [restartedMain] edFilterInvocationSecurityMetadataSource : Adding web access control expression [permitAll] for Ant [pattern='/favicon.ico']
2023-01-08 13:49:31.725 DEBUG 22043 --- [restartedMain] edFilterInvocationSecurityMetadataSource : Adding web access control expression [permitAll] for Ant [pattern='/ws/**']
2023-01-08 13:49:31.725 DEBUG 22043 --- [restartedMain] edFilterInvocationSecurityMetadataSource : Adding web access control expression [permitAll] for Ant [pattern='/delifacil/**/dadosPedidoNew/**']
2023-01-08 13:49:31.725 DEBUG 22043 --- [restartedMain] edFilterInvocationSecurityMetadataSource : Adding web access control expression [permitAll] for Ant [pattern='/delifacil/image/**']
2023-01-08 13:49:31.725 DEBUG 22043 --- [restartedMain] edFilterInvocationSecurityMetadataSource : Adding web access control expression [permitAll] for Ant [pattern='/api/login/signin', POST]
2023-01-08 13:49:31.725 DEBUG 22043 --- [restartedMain] edFilterInvocationSecurityMetadataSource : Adding web access control expression [permitAll] for Ant [pattern='/api/cliente', POST]
2023-01-08 13:49:31.725 DEBUG 22043 --- [restartedMain] edFilterInvocationSecurityMetadataSource : Adding web access control expression [permitAll] for Ant [pattern='/api/cliente/**', GET]
2023-01-08 13:49:31.725 DEBUG 22043 --- [restartedMain] edFilterInvocationSecurityMetadataSource : Adding web access control expression [permitAll] for Ant [pattern='/api/cliente/*', PUT]
2023-01-08 13:49:31.725 DEBUG 22043 --- [restartedMain] edFilterInvocationSecurityMetadataSource : Adding web access control expression [permitAll] for Ant [pattern='/api/cliente/*', DELETE]
2023-01-08 13:49:31.725 DEBUG 22043 --- [restartedMain] edFilterInvocationSecurityMetadataSource : Adding web access control expression [permitAll] for Ant [pattern='/api/empresa', POST]
2023-01-08 13:49:31.725 DEBUG 22043 --- [restartedMain] edFilterInvocationSecurityMetadataSource : Adding web access control expression [permitAll] for Ant [pattern='/api/empresa/*', DELETE]
2023-01-08 13:49:31.726 DEBUG 22043 --- [restartedMain] edFilterInvocationSecurityMetadataSource : Adding web access control expression [permitAll] for Ant [pattern='/api/empresa/**', GET]
2023-01-08 13:49:31.726 DEBUG 22043 --- [restartedMain] edFilterInvocationSecurityMetadataSource : Adding web access control expression [permitAll] for Ant [pattern='/api/enderecocliente/**', POST]
2023-01-08 13:49:31.726 DEBUG 22043 --- [restartedMain] edFilterInvocationSecurityMetadataSource : Adding web access control expression [permitAll] for Ant [pattern='/api/categoriaproduto', POST]
2023-01-08 13:49:31.726 DEBUG 22043 --- [restartedMain] edFilterInvocationSecurityMetadataSource : Adding web access control expression [permitAll] for Ant [pattern='/api/categoriaproduto/**', GET]
2023-01-08 13:49:31.726 DEBUG 22043 --- [restartedMain] edFilterInvocationSecurityMetadataSource : Adding web access control expression [permitAll] for Ant [pattern='/api/categoriaproduto/*', PUT]
2023-01-08 13:49:31.726 DEBUG 22043 --- [restartedMain] edFilterInvocationSecurityMetadataSource : Adding web access control expression [permitAll] for Ant [pattern='/api/categoriaproduto/*', DELETE]
2023-01-08 13:49:31.726 DEBUG 22043 --- [restartedMain] edFilterInvocationSecurityMetadataSource : Adding web access control expression [permitAll] for Ant [pattern='/api/cupomdesconto', POST]
2023-01-08 13:49:31.726 DEBUG 22043 --- [restartedMain] edFilterInvocationSecurityMetadataSource : Adding web access control expression [permitAll] for Ant [pattern='/api/cupomdesconto/**', GET]
2023-01-08 13:49:31.726 DEBUG 22043 --- [restartedMain] edFilterInvocationSecurityMetadataSource : Adding web access control expression [permitAll] for Ant [pattern='/api/cupomdesconto/*', PUT]
2023-01-08 13:49:31.726 DEBUG 22043 --- [restartedMain] edFilterInvocationSecurityMetadataSource : Adding web access control expression [permitAll] for Ant [pattern='/api/cupomdesconto/*', DELETE]
2023-01-08 13:49:31.726 DEBUG 22043 --- [restartedMain] edFilterInvocationSecurityMetadataSource : Adding web access control expression [permitAll] for Ant [pattern='/api/produto', POST]
2023-01-08 13:49:31.726 DEBUG 22043 --- [restartedMain] edFilterInvocationSecurityMetadataSource : Adding web access control expression [permitAll] for Ant [pattern='/api/produto', PUT]
2023-01-08 13:49:31.726 DEBUG 22043 --- [restartedMain] edFilterInvocationSecurityMetadataSource : Adding web access control expression [permitAll] for Ant [pattern='/api/produto', DELETE]
2023-01-08 13:49:31.726 DEBUG 22043 --- [restartedMain] edFilterInvocationSecurityMetadataSource : Adding web access control expression [permitAll] for Ant [pattern='/api/produto/**', GET]
2023-01-08 13:49:31.726 DEBUG 22043 --- [restartedMain] edFilterInvocationSecurityMetadataSource : Adding web access control expression [hasAnyAuthority('CLIENTE','EMPRESA_ADMIN','EMPRESA_USER')] for any request
2023-01-08 13:49:31.731  INFO 22043 --- [restartedMain] o.s.s.web.DefaultSecurityFilterChain     : Will secure any request with [org.springframework.security.web.session.DisableEncodeUrlFilter@222eea, org.springframework.security.web.context.request.async.WebAsyncManagerIntegrationFilter@77950cee, org.springframework.security.web.context.SecurityContextPersistenceFilter@1159ca0f, org.springframework.security.web.header.HeaderWriterFilter@d370429, org.springframework.web.filter.CorsFilter@216fd689, org.springframework.security.web.authentication.logout.LogoutFilter@69928ad6, br.com.ifpe.oxefoodmarcilio.security.jwt.JwtTokenAuthenticationFilter@729121dd, org.springframework.security.web.savedrequest.RequestCacheAwareFilter@6f23334d, org.springframework.security.web.servletapi.SecurityContextHolderAwareRequestFilter@5a8064cc, org.springframework.security.web.authentication.AnonymousAuthenticationFilter@6355041b, org.springframework.security.web.session.SessionManagementFilter@186e98cf, org.springframework.security.web.access.ExceptionTranslationFilter@1c7c5f06, org.springframework.security.web.access.intercept.FilterSecurityInterceptor@309c6627]
2023-01-08 13:49:31.757  INFO 22043 --- [restartedMain] o.s.b.d.a.OptionalLiveReloadServer       : LiveReload server is running on port 35729
2023-01-08 13:49:31.828  WARN 22043 --- [restartedMain] JpaBaseConfiguration$JpaWebConfiguration : spring.jpa.open-in-view is enabled by default. Therefore, database queries may be performed during view rendering. Explicitly configure spring.jpa.open-in-view to disable this warning
2023-01-08 13:49:32.029  INFO 22043 --- [restartedMain] o.s.b.w.embedded.tomcat.TomcatWebServer  : Tomcat started on port(s): 8080 (http) with context path ''
2023-01-08 13:49:32.283  INFO 22043 --- [restartedMain] b.c.i.o.OxefoodMarcilioApplication       : Started OxefoodMarcilioApplication in 1.922 seconds (JVM running for 323.557)
2023-01-08 13:49:32.285  INFO 22043 --- [restartedMain] .ConditionEvaluationDeltaLoggingListener : Condition evaluation unchanged
2023-01-08 13:50:19.663  INFO 22043 --- [File Watcher] rtingClassPathChangeChangedEventListener : Restarting due to 2 class path changes (0 additions, 0 deletions, 2 modifications)
2023-01-08 13:50:19.666  INFO 22043 --- [Thread-19] o.apache.catalina.core.StandardService   : Stopping service [Tomcat]
2023-01-08 13:50:19.677  INFO 22043 --- [Thread-19] j.LocalContainerEntityManagerFactoryBean : Closing JPA EntityManagerFactory for persistence unit 'default'
2023-01-08 13:50:19.678  INFO 22043 --- [Thread-19] com.zaxxer.hikari.HikariDataSource       : HikariPool-5 - Shutdown initiated...
2023-01-08 13:50:19.687  INFO 22043 --- [Thread-19] com.zaxxer.hikari.HikariDataSource       : HikariPool-5 - Shutdown completed.
2023-01-08 13:50:19.811  INFO 22043 --- [restartedMain] b.c.i.o.OxefoodMarcilioApplication       : Starting OxefoodMarcilioApplication using Java 11.0.16 on ustore-ideapad with PID 22043 (/home/ustore/git/oxefood-marcilio/target/classes started by ustore in /home/ustore/git/oxefood-marcilio)
2023-01-08 13:50:19.812  INFO 22043 --- [restartedMain] b.c.i.o.OxefoodMarcilioApplication       : No active profile set, falling back to 1 default profile: "default"
2023-01-08 13:50:20.076  INFO 22043 --- [restartedMain] .s.d.r.c.RepositoryConfigurationDelegate : Bootstrapping Spring Data JPA repositories in DEFAULT mode.
2023-01-08 13:50:20.097  INFO 22043 --- [restartedMain] .s.d.r.c.RepositoryConfigurationDelegate : Finished Spring Data repository scanning in 20 ms. Found 7 JPA repository interfaces.
2023-01-08 13:50:20.249  INFO 22043 --- [restartedMain] o.s.b.w.embedded.tomcat.TomcatWebServer  : Tomcat initialized with port(s): 8080 (http)
2023-01-08 13:50:20.250  INFO 22043 --- [restartedMain] o.apache.catalina.core.StandardService   : Starting service [Tomcat]
2023-01-08 13:50:20.250  INFO 22043 --- [restartedMain] org.apache.catalina.core.StandardEngine  : Starting Servlet engine: [Apache Tomcat/9.0.65]
2023-01-08 13:50:20.258  INFO 22043 --- [restartedMain] o.a.c.c.C.[Tomcat].[localhost].[/]       : Initializing Spring embedded WebApplicationContext
2023-01-08 13:50:20.258  INFO 22043 --- [restartedMain] w.s.c.ServletWebServerApplicationContext : Root WebApplicationContext: initialization completed in 443 ms
2023-01-08 13:50:20.279  INFO 22043 --- [restartedMain] com.zaxxer.hikari.HikariDataSource       : HikariPool-6 - Starting...
2023-01-08 13:50:20.303  INFO 22043 --- [restartedMain] com.zaxxer.hikari.HikariDataSource       : HikariPool-6 - Start completed.
2023-01-08 13:50:20.303  INFO 22043 --- [restartedMain] o.s.b.a.h2.H2ConsoleAutoConfiguration    : H2 console available at '/h2-console'. Database available at 'jdbc:postgresql://172.24.0.2:5432/oxefood'
2023-01-08 13:50:20.347  INFO 22043 --- [restartedMain] o.hibernate.jpa.internal.util.LogHelper  : HHH000204: Processing PersistenceUnitInfo [name: default]
2023-01-08 13:50:20.351  INFO 22043 --- [restartedMain] org.hibernate.dialect.Dialect            : HHH000400: Using dialect: org.hibernate.dialect.PostgreSQLDialect
2023-01-08 13:50:20.573  INFO 22043 --- [restartedMain] o.h.e.t.j.p.i.JtaPlatformInitiator       : HHH000490: Using JtaPlatform implementation: [org.hibernate.engine.transaction.jta.platform.internal.NoJtaPlatform]
2023-01-08 13:50:20.574  INFO 22043 --- [restartedMain] j.LocalContainerEntityManagerFactoryBean : Initialized JPA EntityManagerFactory for persistence unit 'default'
2023-01-08 13:50:21.244 DEBUG 22043 --- [restartedMain] edFilterInvocationSecurityMetadataSource : Adding web access control expression [permitAll] for Ant [pattern='/swagger-resources/**']
2023-01-08 13:50:21.244 DEBUG 22043 --- [restartedMain] edFilterInvocationSecurityMetadataSource : Adding web access control expression [permitAll] for Ant [pattern='/swagger-ui.html']
2023-01-08 13:50:21.244 DEBUG 22043 --- [restartedMain] edFilterInvocationSecurityMetadataSource : Adding web access control expression [permitAll] for Ant [pattern='/swagger*/**']
2023-01-08 13:50:21.244 DEBUG 22043 --- [restartedMain] edFilterInvocationSecurityMetadataSource : Adding web access control expression [permitAll] for Ant [pattern='/v2/api-docs']
2023-01-08 13:50:21.244 DEBUG 22043 --- [restartedMain] edFilterInvocationSecurityMetadataSource : Adding web access control expression [permitAll] for Ant [pattern='/webjars/**']
2023-01-08 13:50:21.244 DEBUG 22043 --- [restartedMain] edFilterInvocationSecurityMetadataSource : Adding web access control expression [permitAll] for Ant [pattern='/routes/**']
2023-01-08 13:50:21.244 DEBUG 22043 --- [restartedMain] edFilterInvocationSecurityMetadataSource : Adding web access control expression [permitAll] for Ant [pattern='/favicon.ico']
2023-01-08 13:50:21.244 DEBUG 22043 --- [restartedMain] edFilterInvocationSecurityMetadataSource : Adding web access control expression [permitAll] for Ant [pattern='/ws/**']
2023-01-08 13:50:21.244 DEBUG 22043 --- [restartedMain] edFilterInvocationSecurityMetadataSource : Adding web access control expression [permitAll] for Ant [pattern='/delifacil/**/dadosPedidoNew/**']
2023-01-08 13:50:21.244 DEBUG 22043 --- [restartedMain] edFilterInvocationSecurityMetadataSource : Adding web access control expression [permitAll] for Ant [pattern='/delifacil/image/**']
2023-01-08 13:50:21.244 DEBUG 22043 --- [restartedMain] edFilterInvocationSecurityMetadataSource : Adding web access control expression [permitAll] for Ant [pattern='/api/login/signin', POST]
2023-01-08 13:50:21.244 DEBUG 22043 --- [restartedMain] edFilterInvocationSecurityMetadataSource : Adding web access control expression [permitAll] for Ant [pattern='/api/cliente', POST]
2023-01-08 13:50:21.245 DEBUG 22043 --- [restartedMain] edFilterInvocationSecurityMetadataSource : Adding web access control expression [permitAll] for Ant [pattern='/api/cliente/**', GET]
2023-01-08 13:50:21.245 DEBUG 22043 --- [restartedMain] edFilterInvocationSecurityMetadataSource : Adding web access control expression [permitAll] for Ant [pattern='/api/cliente/*', PUT]
2023-01-08 13:50:21.245 DEBUG 22043 --- [restartedMain] edFilterInvocationSecurityMetadataSource : Adding web access control expression [permitAll] for Ant [pattern='/api/cliente/*', DELETE]
2023-01-08 13:50:21.245 DEBUG 22043 --- [restartedMain] edFilterInvocationSecurityMetadataSource : Adding web access control expression [permitAll] for Ant [pattern='/api/empresa', POST]
2023-01-08 13:50:21.245 DEBUG 22043 --- [restartedMain] edFilterInvocationSecurityMetadataSource : Adding web access control expression [permitAll] for Ant [pattern='/api/empresa/*', DELETE]
2023-01-08 13:50:21.245 DEBUG 22043 --- [restartedMain] edFilterInvocationSecurityMetadataSource : Adding web access control expression [permitAll] for Ant [pattern='/api/empresa/**', GET]
2023-01-08 13:50:21.245 DEBUG 22043 --- [restartedMain] edFilterInvocationSecurityMetadataSource : Adding web access control expression [permitAll] for Ant [pattern='/api/enderecocliente/**', POST]
2023-01-08 13:50:21.245 DEBUG 22043 --- [restartedMain] edFilterInvocationSecurityMetadataSource : Adding web access control expression [permitAll] for Ant [pattern='/api/categoriaproduto', POST]
2023-01-08 13:50:21.245 DEBUG 22043 --- [restartedMain] edFilterInvocationSecurityMetadataSource : Adding web access control expression [permitAll] for Ant [pattern='/api/categoriaproduto/**', GET]
2023-01-08 13:50:21.245 DEBUG 22043 --- [restartedMain] edFilterInvocationSecurityMetadataSource : Adding web access control expression [permitAll] for Ant [pattern='/api/categoriaproduto/*', PUT]
2023-01-08 13:50:21.245 DEBUG 22043 --- [restartedMain] edFilterInvocationSecurityMetadataSource : Adding web access control expression [permitAll] for Ant [pattern='/api/categoriaproduto/*', DELETE]
2023-01-08 13:50:21.245 DEBUG 22043 --- [restartedMain] edFilterInvocationSecurityMetadataSource : Adding web access control expression [permitAll] for Ant [pattern='/api/cupomdesconto', POST]
2023-01-08 13:50:21.245 DEBUG 22043 --- [restartedMain] edFilterInvocationSecurityMetadataSource : Adding web access control expression [permitAll] for Ant [pattern='/api/cupomdesconto/**', GET]
2023-01-08 13:50:21.245 DEBUG 22043 --- [restartedMain] edFilterInvocationSecurityMetadataSource : Adding web access control expression [permitAll] for Ant [pattern='/api/cupomdesconto/*', PUT]
2023-01-08 13:50:21.245 DEBUG 22043 --- [restartedMain] edFilterInvocationSecurityMetadataSource : Adding web access control expression [permitAll] for Ant [pattern='/api/cupomdesconto/*', DELETE]
2023-01-08 13:50:21.245 DEBUG 22043 --- [restartedMain] edFilterInvocationSecurityMetadataSource : Adding web access control expression [permitAll] for Ant [pattern='/api/produto', POST]
2023-01-08 13:50:21.245 DEBUG 22043 --- [restartedMain] edFilterInvocationSecurityMetadataSource : Adding web access control expression [permitAll] for Ant [pattern='/api/produto', PUT]
2023-01-08 13:50:21.245 DEBUG 22043 --- [restartedMain] edFilterInvocationSecurityMetadataSource : Adding web access control expression [permitAll] for Ant [pattern='/api/produto', DELETE]
2023-01-08 13:50:21.245 DEBUG 22043 --- [restartedMain] edFilterInvocationSecurityMetadataSource : Adding web access control expression [permitAll] for Ant [pattern='/api/produto/**', GET]
2023-01-08 13:50:21.245 DEBUG 22043 --- [restartedMain] edFilterInvocationSecurityMetadataSource : Adding web access control expression [hasAnyAuthority('CLIENTE','EMPRESA_ADMIN','EMPRESA_USER')] for any request
2023-01-08 13:50:21.251  INFO 22043 --- [restartedMain] o.s.s.web.DefaultSecurityFilterChain     : Will secure any request with [org.springframework.security.web.session.DisableEncodeUrlFilter@75caa78f, org.springframework.security.web.context.request.async.WebAsyncManagerIntegrationFilter@4a4e2374, org.springframework.security.web.context.SecurityContextPersistenceFilter@6343aa4d, org.springframework.security.web.header.HeaderWriterFilter@3dcf229b, org.springframework.web.filter.CorsFilter@3e90296, org.springframework.security.web.authentication.logout.LogoutFilter@4faf2a44, br.com.ifpe.oxefoodmarcilio.security.jwt.JwtTokenAuthenticationFilter@50a870, org.springframework.security.web.savedrequest.RequestCacheAwareFilter@605d4173, org.springframework.security.web.servletapi.SecurityContextHolderAwareRequestFilter@24c26c19, org.springframework.security.web.authentication.AnonymousAuthenticationFilter@2006912a, org.springframework.security.web.session.SessionManagementFilter@35141062, org.springframework.security.web.access.ExceptionTranslationFilter@67cc8a3c, org.springframework.security.web.access.intercept.FilterSecurityInterceptor@757ed89b]
2023-01-08 13:50:21.277  INFO 22043 --- [restartedMain] o.s.b.d.a.OptionalLiveReloadServer       : LiveReload server is running on port 35729
2023-01-08 13:50:21.356  WARN 22043 --- [restartedMain] JpaBaseConfiguration$JpaWebConfiguration : spring.jpa.open-in-view is enabled by default. Therefore, database queries may be performed during view rendering. Explicitly configure spring.jpa.open-in-view to disable this warning
2023-01-08 13:50:21.533  INFO 22043 --- [restartedMain] o.s.b.w.embedded.tomcat.TomcatWebServer  : Tomcat started on port(s): 8080 (http) with context path ''
2023-01-08 13:50:21.668  INFO 22043 --- [restartedMain] b.c.i.o.OxefoodMarcilioApplication       : Started OxefoodMarcilioApplication in 1.886 seconds (JVM running for 372.941)
2023-01-08 13:50:21.669  INFO 22043 --- [restartedMain] .ConditionEvaluationDeltaLoggingListener : Condition evaluation unchanged
2023-01-08 13:50:48.904  INFO 22043 --- [http-nio-8080-exec-1] o.a.c.c.C.[Tomcat].[localhost].[/]       : Initializing Spring DispatcherServlet 'dispatcherServlet'
2023-01-08 13:50:48.905  INFO 22043 --- [http-nio-8080-exec-1] o.s.web.servlet.DispatcherServlet        : Initializing Servlet 'dispatcherServlet'
2023-01-08 13:50:48.907  INFO 22043 --- [http-nio-8080-exec-1] o.s.web.servlet.DispatcherServlet        : Completed initialization in 2 ms
2023-01-08 13:50:48.908 DEBUG 22043 --- [http-nio-8080-exec-1] o.s.security.web.FilterChainProxy        : Securing GET /api/empresa
2023-01-08 13:50:48.908 DEBUG 22043 --- [http-nio-8080-exec-1] s.s.w.c.SecurityContextPersistenceFilter : Set SecurityContextHolder to empty SecurityContext
2023-01-08 13:50:48.918 DEBUG 22043 --- [http-nio-8080-exec-1] s.s.w.c.SecurityContextPersistenceFilter : Cleared SecurityContextHolder to complete request
2023-01-08 13:50:48.929 ERROR 22043 --- [http-nio-8080-exec-1] o.a.c.c.C.[.[.[/].[dispatcherServlet]    : Servlet.service() for servlet [dispatcherServlet] in context with path [] threw exception

br.com.ifpe.oxefoodmarcilio.security.jwt.InvalidJwtAuthenticationException: Expired or invalid JWT token
	at br.com.ifpe.oxefoodmarcilio.security.jwt.JwtTokenProvider.validateToken(JwtTokenProvider.java:112) ~[classes/:na]
	at br.com.ifpe.oxefoodmarcilio.security.jwt.JwtTokenAuthenticationFilter.doFilterInternal(JwtTokenAuthenticationFilter.java:30) ~[classes/:na]
	at org.springframework.web.filter.OncePerRequestFilter.doFilter(OncePerRequestFilter.java:117) ~[spring-web-5.3.23.jar:5.3.23]
	at org.springframework.security.web.FilterChainProxy$VirtualFilterChain.doFilter(FilterChainProxy.java:346) ~[spring-security-web-5.7.3.jar:5.7.3]
	at org.springframework.security.web.authentication.logout.LogoutFilter.doFilter(LogoutFilter.java:103) ~[spring-security-web-5.7.3.jar:5.7.3]
	at org.springframework.security.web.authentication.logout.LogoutFilter.doFilter(LogoutFilter.java:89) ~[spring-security-web-5.7.3.jar:5.7.3]
	at org.springframework.security.web.FilterChainProxy$VirtualFilterChain.doFilter(FilterChainProxy.java:346) ~[spring-security-web-5.7.3.jar:5.7.3]
	at org.springframework.web.filter.CorsFilter.doFilterInternal(CorsFilter.java:91) ~[spring-web-5.3.23.jar:5.3.23]
	at org.springframework.web.filter.OncePerRequestFilter.doFilter(OncePerRequestFilter.java:117) ~[spring-web-5.3.23.jar:5.3.23]
	at org.springframework.security.web.FilterChainProxy$VirtualFilterChain.doFilter(FilterChainProxy.java:346) ~[spring-security-web-5.7.3.jar:5.7.3]
	at org.springframework.security.web.header.HeaderWriterFilter.doHeadersAfter(HeaderWriterFilter.java:90) ~[spring-security-web-5.7.3.jar:5.7.3]
	at org.springframework.security.web.header.HeaderWriterFilter.doFilterInternal(HeaderWriterFilter.java:75) ~[spring-security-web-5.7.3.jar:5.7.3]
	at org.springframework.web.filter.OncePerRequestFilter.doFilter(OncePerRequestFilter.java:117) ~[spring-web-5.3.23.jar:5.3.23]
	at org.springframework.security.web.FilterChainProxy$VirtualFilterChain.doFilter(FilterChainProxy.java:346) ~[spring-security-web-5.7.3.jar:5.7.3]
	at org.springframework.security.web.context.SecurityContextPersistenceFilter.doFilter(SecurityContextPersistenceFilter.java:112) ~[spring-security-web-5.7.3.jar:5.7.3]
	at org.springframework.security.web.context.SecurityContextPersistenceFilter.doFilter(SecurityContextPersistenceFilter.java:82) ~[spring-security-web-5.7.3.jar:5.7.3]
	at org.springframework.security.web.FilterChainProxy$VirtualFilterChain.doFilter(FilterChainProxy.java:346) ~[spring-security-web-5.7.3.jar:5.7.3]
	at org.springframework.security.web.context.request.async.WebAsyncManagerIntegrationFilter.doFilterInternal(WebAsyncManagerIntegrationFilter.java:55) ~[spring-security-web-5.7.3.jar:5.7.3]
	at org.springframework.web.filter.OncePerRequestFilter.doFilter(OncePerRequestFilter.java:117) ~[spring-web-5.3.23.jar:5.3.23]
	at org.springframework.security.web.FilterChainProxy$VirtualFilterChain.doFilter(FilterChainProxy.java:346) ~[spring-security-web-5.7.3.jar:5.7.3]
	at org.springframework.security.web.session.DisableEncodeUrlFilter.doFilterInternal(DisableEncodeUrlFilter.java:42) ~[spring-security-web-5.7.3.jar:5.7.3]
	at org.springframework.web.filter.OncePerRequestFilter.doFilter(OncePerRequestFilter.java:117) ~[spring-web-5.3.23.jar:5.3.23]
	at org.springframework.security.web.FilterChainProxy$VirtualFilterChain.doFilter(FilterChainProxy.java:346) ~[spring-security-web-5.7.3.jar:5.7.3]
	at org.springframework.security.web.FilterChainProxy.doFilterInternal(FilterChainProxy.java:221) ~[spring-security-web-5.7.3.jar:5.7.3]
	at org.springframework.security.web.FilterChainProxy.doFilter(FilterChainProxy.java:186) ~[spring-security-web-5.7.3.jar:5.7.3]
	at org.springframework.web.filter.DelegatingFilterProxy.invokeDelegate(DelegatingFilterProxy.java:354) ~[spring-web-5.3.23.jar:5.3.23]
	at org.springframework.web.filter.DelegatingFilterProxy.doFilter(DelegatingFilterProxy.java:267) ~[spring-web-5.3.23.jar:5.3.23]
	at org.apache.catalina.core.ApplicationFilterChain.internalDoFilter(ApplicationFilterChain.java:189) ~[tomcat-embed-core-9.0.65.jar:9.0.65]
	at org.apache.catalina.core.ApplicationFilterChain.doFilter(ApplicationFilterChain.java:162) ~[tomcat-embed-core-9.0.65.jar:9.0.65]
	at org.springframework.web.filter.CharacterEncodingFilter.doFilterInternal(CharacterEncodingFilter.java:201) ~[spring-web-5.3.23.jar:5.3.23]
	at org.springframework.web.filter.OncePerRequestFilter.doFilter(OncePerRequestFilter.java:117) ~[spring-web-5.3.23.jar:5.3.23]
	at org.apache.catalina.core.ApplicationFilterChain.internalDoFilter(ApplicationFilterChain.java:189) ~[tomcat-embed-core-9.0.65.jar:9.0.65]
	at org.apache.catalina.core.ApplicationFilterChain.doFilter(ApplicationFilterChain.java:162) ~[tomcat-embed-core-9.0.65.jar:9.0.65]
	at org.apache.catalina.core.StandardWrapperValve.invoke(StandardWrapperValve.java:197) ~[tomcat-embed-core-9.0.65.jar:9.0.65]
	at org.apache.catalina.core.StandardContextValve.invoke(StandardContextValve.java:97) ~[tomcat-embed-core-9.0.65.jar:9.0.65]
	at org.apache.catalina.authenticator.AuthenticatorBase.invoke(AuthenticatorBase.java:541) ~[tomcat-embed-core-9.0.65.jar:9.0.65]
	at org.apache.catalina.core.StandardHostValve.invoke(StandardHostValve.java:135) ~[tomcat-embed-core-9.0.65.jar:9.0.65]
	at org.apache.catalina.valves.ErrorReportValve.invoke(ErrorReportValve.java:92) ~[tomcat-embed-core-9.0.65.jar:9.0.65]
	at org.apache.catalina.core.StandardEngineValve.invoke(StandardEngineValve.java:78) ~[tomcat-embed-core-9.0.65.jar:9.0.65]
	at org.apache.catalina.connector.CoyoteAdapter.service(CoyoteAdapter.java:360) ~[tomcat-embed-core-9.0.65.jar:9.0.65]
	at org.apache.coyote.http11.Http11Processor.service(Http11Processor.java:399) ~[tomcat-embed-core-9.0.65.jar:9.0.65]
	at org.apache.coyote.AbstractProcessorLight.process(AbstractProcessorLight.java:65) ~[tomcat-embed-core-9.0.65.jar:9.0.65]
	at org.apache.coyote.AbstractProtocol$ConnectionHandler.process(AbstractProtocol.java:890) ~[tomcat-embed-core-9.0.65.jar:9.0.65]
	at org.apache.tomcat.util.net.NioEndpoint$SocketProcessor.doRun(NioEndpoint.java:1789) ~[tomcat-embed-core-9.0.65.jar:9.0.65]
	at org.apache.tomcat.util.net.SocketProcessorBase.run(SocketProcessorBase.java:49) ~[tomcat-embed-core-9.0.65.jar:9.0.65]
	at org.apache.tomcat.util.threads.ThreadPoolExecutor.runWorker(ThreadPoolExecutor.java:1191) ~[tomcat-embed-core-9.0.65.jar:9.0.65]
	at org.apache.tomcat.util.threads.ThreadPoolExecutor$Worker.run(ThreadPoolExecutor.java:659) ~[tomcat-embed-core-9.0.65.jar:9.0.65]
	at org.apache.tomcat.util.threads.TaskThread$WrappingRunnable.run(TaskThread.java:61) ~[tomcat-embed-core-9.0.65.jar:9.0.65]
	at java.base/java.lang.Thread.run(Thread.java:834) ~[na:na]

2023-01-08 13:50:48.930 DEBUG 22043 --- [http-nio-8080-exec-1] o.s.security.web.FilterChainProxy        : Securing GET /error
2023-01-08 13:50:48.930 DEBUG 22043 --- [http-nio-8080-exec-1] s.s.w.c.SecurityContextPersistenceFilter : Set SecurityContextHolder to empty SecurityContext
2023-01-08 13:50:48.930 DEBUG 22043 --- [http-nio-8080-exec-1] o.s.s.w.a.AnonymousAuthenticationFilter  : Set SecurityContextHolder to anonymous SecurityContext
2023-01-08 13:50:48.937 DEBUG 22043 --- [http-nio-8080-exec-1] o.s.s.w.a.i.FilterSecurityInterceptor    : Failed to authorize filter invocation [GET /error] with attributes [hasAnyAuthority('CLIENTE','EMPRESA_ADMIN','EMPRESA_USER')]
2023-01-08 13:50:48.938 DEBUG 22043 --- [http-nio-8080-exec-1] s.s.w.c.SecurityContextPersistenceFilter : Cleared SecurityContextHolder to complete request
2023-01-08 13:50:57.036 DEBUG 22043 --- [http-nio-8080-exec-2] o.s.security.web.FilterChainProxy        : Securing GET /api/empresa
2023-01-08 13:50:57.037 DEBUG 22043 --- [http-nio-8080-exec-2] s.s.w.c.SecurityContextPersistenceFilter : Set SecurityContextHolder to empty SecurityContext
2023-01-08 13:50:57.063 DEBUG 22043 --- [http-nio-8080-exec-2] o.s.s.w.a.i.FilterSecurityInterceptor    : Authorized filter invocation [GET /api/empresa] with attributes [permitAll]
2023-01-08 13:50:57.063 DEBUG 22043 --- [http-nio-8080-exec-2] o.s.security.web.FilterChainProxy        : Secured GET /api/empresa
2023-01-08 13:50:57.089 DEBUG 22043 --- [http-nio-8080-exec-2] s.s.w.c.SecurityContextPersistenceFilter : Cleared SecurityContextHolder to complete request
2023-01-08 13:51:00.530  INFO 22043 --- [SpringApplicationShutdownHook] j.LocalContainerEntityManagerFactoryBean : Closing JPA EntityManagerFactory for persistence unit 'default'
2023-01-08 13:51:00.531  INFO 22043 --- [SpringApplicationShutdownHook] com.zaxxer.hikari.HikariDataSource       : HikariPool-6 - Shutdown initiated...
2023-01-08 13:51:00.535  INFO 22043 --- [SpringApplicationShutdownHook] com.zaxxer.hikari.HikariDataSource       : HikariPool-6 - Shutdown completed.
